#
# There is insufficient memory for the Java Runtime Environment to continue.
# Native memory allocation (malloc) failed to allocate 1366576 bytes for Chunk::new
# Possible reasons:
#   The system is out of physical RAM or swap space
#   The process is running with CompressedOops enabled, and the Java Heap may be blocking the growth of the native heap
# Possible solutions:
#   Reduce memory load on the system
#   Increase physical memory or swap space
#   Check if swap backing store is full
#   Decrease Java heap size (-Xmx/-Xms)
#   Decrease number of Java threads
#   Decrease Java thread stack sizes (-Xss)
#   Set larger code cache with -XX:ReservedCodeCacheSize=
#   JVM is running with Unscaled Compressed Oops mode in which the Java heap is
#     placed in the first 4GB address space. The Java Heap base address is the
#     maximum limit for the native heap growth. Please use -XX:HeapBaseMinAddress
#     to set the Java Heap base and to place the Java Heap above 4GB virtual address.
# This output file may be truncated or incomplete.
#
#  Out of Memory Error (./src/hotspot/share/memory/arena.cpp:197), pid=9876, tid=6440
#
# JRE version: OpenJDK Runtime Environment (11.0.12+7) (build 11.0.12+7-b1504.28-7817840)
# Java VM: OpenJDK 64-Bit Server VM (11.0.12+7-b1504.28-7817840, mixed mode, tiered, compressed oops, g1 gc, windows-amd64)
# No core dump will be written. Minidumps are not enabled by default on client versions of Windows
#

---------------  S U M M A R Y ------------

Command Line: --add-opens=java.base/java.util=ALL-UNNAMED --add-opens=java.base/java.lang=ALL-UNNAMED --add-opens=java.base/java.lang.invoke=ALL-UNNAMED --add-opens=java.base/java.util=ALL-UNNAMED --add-opens=java.prefs/java.util.prefs=ALL-UNNAMED --add-opens=java.prefs/java.util.prefs=ALL-UNNAMED --add-opens=java.base/java.nio.charset=ALL-UNNAMED --add-opens=java.base/java.net=ALL-UNNAMED --add-opens=java.base/java.util.concurrent.atomic=ALL-UNNAMED -Xmx2048m -Dfile.encoding=UTF-8 -Duser.country=US -Duser.language=en -Duser.variant org.gradle.launcher.daemon.bootstrap.GradleDaemon 7.3.3

Host: Intel(R) Core(TM) i3-2130 CPU @ 3.40GHz, 4 cores, 3G,  Windows 10 , 64 bit Build 19041 (10.0.19041.804)
Time: Tue May 24 19:57:18 2022 India Standard Time elapsed time: 110.954047 seconds (0d 0h 1m 50s)

---------------  T H R E A D  ---------------

Current thread (0x000002570bf71800):  JavaThread "C2 CompilerThread1" daemon [_thread_in_native, id=6440, stack(0x0000009673b00000,0x0000009673c00000)]


Current CompileTask:
C2: 110954 20775       4       com.android.tools.r8.internal.sJ::a (447 bytes)

Stack: [0x0000009673b00000,0x0000009673c00000]
Native frames: (J=compiled Java code, j=interpreted, Vv=VM code, C=native code)
V  [jvm.dll+0x5fbcea]
V  [jvm.dll+0x731905]
V  [jvm.dll+0x732f1d]
V  [jvm.dll+0x7335d3]
V  [jvm.dll+0x247bf8]
V  [jvm.dll+0xc018c]
V  [jvm.dll+0xc06cc]
V  [jvm.dll+0x2bcc04]
V  [jvm.dll+0x5113a8]
V  [jvm.dll+0x201b42]
V  [jvm.dll+0x1ff71f]
V  [jvm.dll+0x18868c]
V  [jvm.dll+0x20e0d7]
V  [jvm.dll+0x20c901]
V  [jvm.dll+0x6f9b7f]
V  [jvm.dll+0x6f26a5]
V  [jvm.dll+0x5fabf6]
C  [ucrtbase.dll+0x21bb2]
C  [KERNEL32.DLL+0x17034]
C  [ntdll.dll+0x52651]


---------------  P R O C E S S  ---------------

Threads class SMR info:
_java_thread_list=0x000002570be7c080, length=91, elements={
0x000002576592b000, 0x000002577fc68800, 0x000002577fc6c000, 0x000002577fcc7000,
0x000002577fcc8000, 0x000002577fcca000, 0x000002577fcd8000, 0x000002577fce4000,
0x000002577fce8800, 0x000002570095c000, 0x0000025702bf4800, 0x0000025701bd8800,
0x00000257024d2800, 0x00000257021f9800, 0x00000257023ce000, 0x0000025701876800,
0x0000025701871800, 0x0000025701870800, 0x0000025701875800, 0x0000025701872800,
0x0000025701873000, 0x0000025701874000, 0x0000025702dbd800, 0x0000025702dbf000,
0x0000025702dbb000, 0x0000025702dc4000, 0x0000025704cdd800, 0x0000025704cd0800,
0x0000025704cd4800, 0x0000025704ccf800, 0x0000025704cd3800, 0x0000025704cd5000,
0x0000025704cd6000, 0x0000025704cd7000, 0x0000025704cd1000, 0x0000025704cd7800,
0x0000025704cd2000, 0x0000025704cd8800, 0x0000025704cd2800, 0x0000025704cdb000,
0x0000025704cd9800, 0x0000025704cda000, 0x0000025704cdb800, 0x0000025704cde000,
0x0000025704cdc800, 0x0000025702dc0800, 0x0000025702dbc800, 0x0000025702dc0000,
0x0000025702dc6800, 0x0000025702dc1800, 0x0000025702dc5000, 0x0000025702dc7800,
0x0000025702dc8000, 0x0000025702dc9000, 0x0000025702dc3000, 0x0000025702dc9800,
0x0000025705240800, 0x0000025705242000, 0x0000025705243000, 0x000002570523d000,
0x0000025705243800, 0x000002570523e000, 0x000002570523e800, 0x000002570523f800,
0x0000025701874800, 0x0000025701877000, 0x0000025706721800, 0x000002570671c000,
0x000002570671c800, 0x0000025706720800, 0x0000025706720000, 0x0000025706722800,
0x000002570671d800, 0x000002570671e000, 0x000002570671f000, 0x00000257092a5000,
0x00000257092a8800, 0x00000257092a4800, 0x00000257092a7000, 0x00000257092a7800,
0x00000257092a9800, 0x00000257092a3800, 0x00000257092aa000, 0x000002570965e800,
0x000002570965f800, 0x0000025709661000, 0x0000025709660800, 0x000002570bf71800,
0x000002570965e000, 0x000002570d4b7800, 0x000002570d4bb800
}

Java Threads: ( => current thread )
  0x000002576592b000 JavaThread "main" [_thread_blocked, id=5316, stack(0x0000009671a00000,0x0000009671b00000)]
  0x000002577fc68800 JavaThread "Reference Handler" daemon [_thread_blocked, id=8096, stack(0x0000009672100000,0x0000009672200000)]
  0x000002577fc6c000 JavaThread "Finalizer" daemon [_thread_blocked, id=7124, stack(0x0000009672200000,0x0000009672300000)]
  0x000002577fcc7000 JavaThread "Signal Dispatcher" daemon [_thread_blocked, id=1456, stack(0x0000009672300000,0x0000009672400000)]
  0x000002577fcc8000 JavaThread "Attach Listener" daemon [_thread_blocked, id=8108, stack(0x0000009672400000,0x0000009672500000)]
  0x000002577fcca000 JavaThread "Service Thread" daemon [_thread_blocked, id=6116, stack(0x0000009672500000,0x0000009672600000)]
  0x000002577fcd8000 JavaThread "C2 CompilerThread0" daemon [_thread_in_native, id=5216, stack(0x0000009672600000,0x0000009672700000)]
  0x000002577fce4000 JavaThread "C1 CompilerThread0" daemon [_thread_in_native, id=4948, stack(0x0000009672700000,0x0000009672800000)]
  0x000002577fce8800 JavaThread "Sweeper thread" daemon [_thread_blocked, id=892, stack(0x0000009672800000,0x0000009672900000)]
  0x000002570095c000 JavaThread "Common-Cleaner" daemon [_thread_blocked, id=8424, stack(0x0000009672900000,0x0000009672a00000)]
  0x0000025702bf4800 JavaThread "Daemon health stats" [_thread_blocked, id=9000, stack(0x0000009672b00000,0x0000009672c00000)]
  0x0000025701bd8800 JavaThread "Incoming local TCP Connector on port 64159" [_thread_in_native, id=1484, stack(0x0000009672d00000,0x0000009672e00000)]
  0x00000257024d2800 JavaThread "Daemon periodic checks" [_thread_blocked, id=404, stack(0x0000009672e00000,0x0000009672f00000)]
  0x00000257021f9800 JavaThread "Daemon" [_thread_blocked, id=10068, stack(0x0000009672f00000,0x0000009673000000)]
  0x00000257023ce000 JavaThread "Daemon worker" [_thread_blocked, id=4888, stack(0x0000009673200000,0x0000009673300000)]
  0x0000025701876800 JavaThread "Cache worker for journal cache (C:\Users\SWAGAT\.gradle\caches\journal-1)" [_thread_blocked, id=10204, stack(0x0000009673800000,0x0000009673900000)]
  0x0000025701871800 JavaThread "File lock request listener" [_thread_in_native, id=3796, stack(0x0000009673900000,0x0000009673a00000)]
  0x0000025701870800 JavaThread "Cache worker for file hash cache (C:\Users\SWAGAT\.gradle\caches\7.3.3\fileHashes)" [_thread_blocked, id=4316, stack(0x0000009673a00000,0x0000009673b00000)]
  0x0000025701875800 JavaThread "File watcher server" daemon [_thread_in_native, id=840, stack(0x0000009673c00000,0x0000009673d00000)]
  0x0000025701872800 JavaThread "File watcher consumer" daemon [_thread_blocked, id=6376, stack(0x0000009673d00000,0x0000009673e00000)]
  0x0000025701873000 JavaThread "jar transforms" [_thread_blocked, id=1192, stack(0x0000009673e00000,0x0000009673f00000)]
  0x0000025701874000 JavaThread "jar transforms Thread 2" [_thread_blocked, id=8012, stack(0x0000009673f00000,0x0000009674000000)]
  0x0000025702dbd800 JavaThread "jar transforms Thread 3" [_thread_blocked, id=9756, stack(0x0000009674000000,0x0000009674100000)]
  0x0000025702dbf000 JavaThread "jar transforms Thread 4" [_thread_blocked, id=552, stack(0x0000009674100000,0x0000009674200000)]
  0x0000025702dbb000 JavaThread "Cache worker for execution history cache (C:\Users\SWAGAT\.gradle\caches\7.3.3\executionHistory)" [_thread_blocked, id=6712, stack(0x0000009674500000,0x0000009674600000)]
  0x0000025702dc4000 JavaThread "Cache worker for file content cache (C:\Users\SWAGAT\.gradle\caches\7.3.3\fileContent)" [_thread_blocked, id=2764, stack(0x0000009674600000,0x0000009674700000)]
  0x0000025704cdd800 JavaThread "Memory manager" [_thread_blocked, id=2372, stack(0x0000009677100000,0x0000009677200000)]
  0x0000025704cd0800 JavaThread "Handler for socket connection from /127.0.0.1:64159 to /127.0.0.1:49217" [_thread_in_native, id=6080, stack(0x0000009671700000,0x0000009671800000)]
  0x0000025704cd4800 JavaThread "Cancel handler" [_thread_blocked, id=7696, stack(0x0000009671800000,0x0000009671900000)]
  0x0000025704ccf800 JavaThread "Asynchronous log dispatcher for DefaultDaemonConnection: socket connection from /127.0.0.1:64159 to /127.0.0.1:49217" [_thread_blocked, id=8880, stack(0x0000009671900000,0x0000009671a00000)]
  0x0000025704cd3800 JavaThread "Stdin handler" [_thread_blocked, id=2600, stack(0x0000009673300000,0x0000009673400000)]
  0x0000025704cd5000 JavaThread "Daemon client event forwarder" [_thread_blocked, id=7068, stack(0x0000009673400000,0x0000009673500000)]
  0x0000025704cd6000 JavaThread "Cache worker for file hash cache (C:\Users\SWAGAT\Desktop\sooraj doc\Nuzap\.gradle\7.3.3\fileHashes)" [_thread_blocked, id=6152, stack(0x0000009673500000,0x0000009673600000)]
  0x0000025704cd7000 JavaThread "Cache worker for checksums cache (C:\Users\SWAGAT\Desktop\sooraj doc\Nuzap\.gradle\7.3.3\checksums)" [_thread_blocked, id=1352, stack(0x0000009674200000,0x0000009674300000)]
  0x0000025704cd1000 JavaThread "Cache worker for cache directory md-supplier (C:\Users\SWAGAT\.gradle\caches\7.3.3\md-supplier)" [_thread_blocked, id=72, stack(0x0000009674300000,0x0000009674400000)]
  0x0000025704cd7800 JavaThread "Cache worker for cache directory md-rule (C:\Users\SWAGAT\.gradle\caches\7.3.3\md-rule)" [_thread_blocked, id=10220, stack(0x0000009674400000,0x0000009674500000)]
  0x0000025704cd2000 JavaThread "Cache worker for dependencies-accessors (C:\Users\SWAGAT\Desktop\sooraj doc\Nuzap\.gradle\7.3.3\dependencies-accessors)" [_thread_blocked, id=9424, stack(0x0000009674700000,0x0000009674800000)]
  0x0000025704cd8800 JavaThread "Cache worker for Build Output Cleanup Cache (C:\Users\SWAGAT\Desktop\sooraj doc\Nuzap\.gradle\buildOutputCleanup)" [_thread_blocked, id=7964, stack(0x0000009674800000,0x0000009674900000)]
  0x0000025704cd2800 JavaThread "Unconstrained build operations" [_thread_blocked, id=1800, stack(0x0000009674900000,0x0000009674a00000)]
  0x0000025704cdb000 JavaThread "Unconstrained build operations Thread 2" [_thread_blocked, id=2104, stack(0x0000009674a00000,0x0000009674b00000)]
  0x0000025704cd9800 JavaThread "Unconstrained build operations Thread 3" [_thread_blocked, id=5424, stack(0x0000009674b00000,0x0000009674c00000)]
  0x0000025704cda000 JavaThread "Unconstrained build operations Thread 4" [_thread_blocked, id=7864, stack(0x0000009674c00000,0x0000009674d00000)]
  0x0000025704cdb800 JavaThread "Unconstrained build operations Thread 5" [_thread_blocked, id=10144, stack(0x0000009674d00000,0x0000009674e00000)]
  0x0000025704cde000 JavaThread "Unconstrained build operations Thread 6" [_thread_in_vm_trans, id=9040, stack(0x0000009674e00000,0x0000009674f00000)]
  0x0000025704cdc800 JavaThread "Unconstrained build operations Thread 7" [_thread_blocked, id=7832, stack(0x0000009674f00000,0x0000009675000000)]
  0x0000025702dc0800 JavaThread "Unconstrained build operations Thread 8" [_thread_blocked, id=7976, stack(0x0000009675000000,0x0000009675100000)]
  0x0000025702dbc800 JavaThread "Unconstrained build operations Thread 9" [_thread_blocked, id=10236, stack(0x0000009675100000,0x0000009675200000)]
  0x0000025702dc0000 JavaThread "Unconstrained build operations Thread 10" [_thread_blocked, id=7352, stack(0x0000009675200000,0x0000009675300000)]
  0x0000025702dc6800 JavaThread "Unconstrained build operations Thread 11" [_thread_blocked, id=1912, stack(0x0000009675300000,0x0000009675400000)]
  0x0000025702dc1800 JavaThread "Unconstrained build operations Thread 12" [_thread_blocked, id=1144, stack(0x0000009675400000,0x0000009675500000)]
  0x0000025702dc5000 JavaThread "Unconstrained build operations Thread 13" [_thread_blocked, id=1492, stack(0x0000009675500000,0x0000009675600000)]
  0x0000025702dc7800 JavaThread "Unconstrained build operations Thread 14" [_thread_blocked, id=3196, stack(0x0000009675600000,0x0000009675700000)]
  0x0000025702dc8000 JavaThread "Unconstrained build operations Thread 15" [_thread_in_vm, id=4140, stack(0x0000009675700000,0x0000009675800000)]
  0x0000025702dc9000 JavaThread "Unconstrained build operations Thread 16" [_thread_blocked, id=2228, stack(0x0000009675800000,0x0000009675900000)]
  0x0000025702dc3000 JavaThread "Unconstrained build operations Thread 17" [_thread_blocked, id=4476, stack(0x0000009675900000,0x0000009675a00000)]
  0x0000025702dc9800 JavaThread "Unconstrained build operations Thread 18" [_thread_blocked, id=7196, stack(0x0000009675a00000,0x0000009675b00000)]
  0x0000025705240800 JavaThread "Unconstrained build operations Thread 19" [_thread_blocked, id=1980, stack(0x0000009675b00000,0x0000009675c00000)]
  0x0000025705242000 JavaThread "Unconstrained build operations Thread 20" [_thread_in_Java, id=2644, stack(0x0000009675c00000,0x0000009675d00000)]
  0x0000025705243000 JavaThread "Unconstrained build operations Thread 21" [_thread_blocked, id=6004, stack(0x0000009675d00000,0x0000009675e00000)]
  0x000002570523d000 JavaThread "Unconstrained build operations Thread 22" [_thread_blocked, id=3156, stack(0x0000009675e00000,0x0000009675f00000)]
  0x0000025705243800 JavaThread "Unconstrained build operations Thread 23" [_thread_blocked, id=5636, stack(0x0000009675f00000,0x0000009676000000)]
  0x000002570523e000 JavaThread "Unconstrained build operations Thread 24" [_thread_in_vm, id=7176, stack(0x0000009676000000,0x0000009676100000)]
  0x000002570523e800 JavaThread "Unconstrained build operations Thread 25" [_thread_blocked, id=8324, stack(0x0000009676100000,0x0000009676200000)]
  0x000002570523f800 JavaThread "Unconstrained build operations Thread 26" [_thread_blocked, id=2788, stack(0x0000009676200000,0x0000009676300000)]
  0x0000025701874800 JavaThread "Unconstrained build operations Thread 27" [_thread_blocked, id=192, stack(0x0000009676300000,0x0000009676400000)]
  0x0000025701877000 JavaThread "Unconstrained build operations Thread 28" [_thread_blocked, id=8604, stack(0x0000009676400000,0x0000009676500000)]
  0x0000025706721800 JavaThread "Unconstrained build operations Thread 29" [_thread_blocked, id=2220, stack(0x0000009676500000,0x0000009676600000)]
  0x000002570671c000 JavaThread "Unconstrained build operations Thread 30" [_thread_blocked, id=9236, stack(0x0000009676600000,0x0000009676700000)]
  0x000002570671c800 JavaThread "Unconstrained build operations Thread 31" [_thread_blocked, id=4656, stack(0x0000009676700000,0x0000009676800000)]
  0x0000025706720800 JavaThread "Unconstrained build operations Thread 32" [_thread_blocked, id=7952, stack(0x0000009676800000,0x0000009676900000)]
  0x0000025706720000 JavaThread "Unconstrained build operations Thread 33" [_thread_blocked, id=2344, stack(0x0000009676900000,0x0000009676a00000)]
  0x0000025706722800 JavaThread "Unconstrained build operations Thread 34" [_thread_blocked, id=1848, stack(0x0000009676a00000,0x0000009676b00000)]
  0x000002570671d800 JavaThread "Unconstrained build operations Thread 35" [_thread_blocked, id=1164, stack(0x0000009676b00000,0x0000009676c00000)]
  0x000002570671e000 JavaThread "Unconstrained build operations Thread 36" [_thread_blocked, id=1696, stack(0x0000009676c00000,0x0000009676d00000)]
  0x000002570671f000 JavaThread "Unconstrained build operations Thread 37" [_thread_blocked, id=32, stack(0x0000009676d00000,0x0000009676e00000)]
  0x00000257092a5000 JavaThread "Unconstrained build operations Thread 38" [_thread_blocked, id=3096, stack(0x0000009676e00000,0x0000009676f00000)]
  0x00000257092a8800 JavaThread "Unconstrained build operations Thread 39" [_thread_blocked, id=2588, stack(0x0000009676f00000,0x0000009677000000)]
  0x00000257092a4800 JavaThread "Unconstrained build operations Thread 40" [_thread_blocked, id=6176, stack(0x0000009677000000,0x0000009677100000)]
  0x00000257092a7000 JavaThread "build event listener" [_thread_blocked, id=1816, stack(0x0000009677200000,0x0000009677300000)]
  0x00000257092a7800 JavaThread "Execution worker for ':'" [_thread_blocked, id=8020, stack(0x0000009677300000,0x0000009677400000)]
  0x00000257092a9800 JavaThread "Execution worker for ':' Thread 2" [_thread_blocked, id=7144, stack(0x0000009677400000,0x0000009677500000)]
  0x00000257092a3800 JavaThread "Execution worker for ':' Thread 3" [_thread_blocked, id=5564, stack(0x0000009677500000,0x0000009677600000)]
  0x00000257092aa000 JavaThread "Cache worker for execution history cache (C:\Users\SWAGAT\Desktop\sooraj doc\Nuzap\.gradle\7.3.3\executionHistory)" [_thread_blocked, id=5524, stack(0x0000009677600000,0x0000009677700000)]
  0x000002570965e800 JavaThread "WorkerExecutor Queue" [_thread_blocked, id=6432, stack(0x0000009677700000,0x0000009677800000)]
  0x000002570965f800 JavaThread "WorkerExecutor Queue Thread 2" [_thread_blocked, id=9832, stack(0x0000009677800000,0x0000009677900000)]
  0x0000025709661000 JavaThread "WorkerExecutor Queue Thread 3" [_thread_blocked, id=4764, stack(0x0000009677900000,0x0000009677a00000)]
  0x0000025709660800 JavaThread "WorkerExecutor Queue Thread 4" [_thread_blocked, id=8240, stack(0x0000009677a00000,0x0000009677b00000)]
=>0x000002570bf71800 JavaThread "C2 CompilerThread1" daemon [_thread_in_native, id=6440, stack(0x0000009673b00000,0x0000009673c00000)]
  0x000002570965e000 JavaThread "pool-5-thread-1" [_thread_blocked, id=8360, stack(0x0000009677d00000,0x0000009677e00000)]
  0x000002570d4b7800 JavaThread "stderr" [_thread_in_native, id=3416, stack(0x0000009677e00000,0x0000009677f00000)]
  0x000002570d4bb800 JavaThread "stdout" [_thread_in_native, id=9956, stack(0x0000009677f00000,0x0000009678000000)]

Other Threads:
  0x000002577fc64800 VMThread "VM Thread" [stack: 0x0000009672000000,0x0000009672100000] [id=4356]
  0x000002570096c800 WatcherThread [stack: 0x0000009672a00000,0x0000009672b00000] [id=3856]
  0x0000025765945800 GCTaskThread "GC Thread#0" [stack: 0x0000009671b00000,0x0000009671c00000] [id=4196]
  0x00000257014e0000 GCTaskThread "GC Thread#1" [stack: 0x0000009672c00000,0x0000009672d00000] [id=9592]
  0x00000257026b3800 GCTaskThread "GC Thread#2" [stack: 0x0000009673600000,0x0000009673700000] [id=2800]
  0x00000257024b6000 GCTaskThread "GC Thread#3" [stack: 0x0000009673700000,0x0000009673800000] [id=10152]
  0x0000025765977000 ConcurrentGCThread "G1 Main Marker" [stack: 0x0000009671c00000,0x0000009671d00000] [id=9804]
  0x0000025765978800 ConcurrentGCThread "G1 Conc#0" [stack: 0x0000009671d00000,0x0000009671e00000] [id=1660]
  0x00000257659d5000 ConcurrentGCThread "G1 Refine#0" [stack: 0x0000009671e00000,0x0000009671f00000] [id=6744]
  0x00000257659d6000 ConcurrentGCThread "G1 Young RemSet Sampling" [stack: 0x0000009671f00000,0x0000009672000000] [id=3260]

Threads with active compile tasks:
C2 CompilerThread0 111002 20701 %     4       com.android.tools.r8.internal.xa::a @ 3300 (4216 bytes)
C1 CompilerThread0 111002 20879 %     3       com.android.tools.r8.ir.regalloc.b::c @ 2064 (3963 bytes)
C2 CompilerThread1 111002 20775       4       com.android.tools.r8.internal.sJ::a (447 bytes)

VM state:not at safepoint (normal execution)

VM Mutex/Monitor currently owned by a thread: None

Heap address: 0x0000000080000000, size: 2048 MB, Compressed Oops mode: 32-bit
Narrow klass base: 0x0000000000000000, Narrow klass shift: 3
Compressed class space size: 1073741824 Address: 0x0000000100000000

Heap:
 garbage-first heap   total 367616K, used 241876K [0x0000000080000000, 0x0000000100000000)
  region size 1024K, 41 young (41984K), 3 survivors (3072K)
 Metaspace       used 127513K, capacity 131032K, committed 131328K, reserved 1163264K
  class space    used 15927K, capacity 17281K, committed 17408K, reserved 1048576K
Heap Regions: E=young(eden), S=young(survivor), O=old, HS=humongous(starts), HC=humongous(continues), CS=collection set, F=free, A=archive, TAMS=top-at-mark-start (previous, next)
|   0|0x0000000080000000, 0x0000000080100000, 0x0000000080100000|100%| O|  |TAMS 0x0000000080100000, 0x0000000080000000| Untracked 
|   1|0x0000000080100000, 0x0000000080200000, 0x0000000080200000|100%| O|  |TAMS 0x0000000080200000, 0x0000000080100000| Untracked 
|   2|0x0000000080200000, 0x0000000080300000, 0x0000000080300000|100%| O|  |TAMS 0x0000000080300000, 0x0000000080200000| Untracked 
|   3|0x0000000080300000, 0x0000000080400000, 0x0000000080400000|100%|HS|  |TAMS 0x0000000080400000, 0x0000000080300000| Complete 
|   4|0x0000000080400000, 0x0000000080500000, 0x0000000080500000|100%|HC|  |TAMS 0x0000000080500000, 0x0000000080400000| Complete 
|   5|0x0000000080500000, 0x0000000080600000, 0x0000000080600000|100%|HC|  |TAMS 0x0000000080600000, 0x0000000080500000| Complete 
|   6|0x0000000080600000, 0x0000000080700000, 0x0000000080700000|100%| O|  |TAMS 0x0000000080700000, 0x0000000080600000| Untracked 
|   7|0x0000000080700000, 0x0000000080800000, 0x0000000080800000|100%| O|  |TAMS 0x0000000080800000, 0x0000000080700000| Untracked 
|   8|0x0000000080800000, 0x0000000080900000, 0x0000000080900000|100%| O|  |TAMS 0x0000000080900000, 0x0000000080800000| Untracked 
|   9|0x0000000080900000, 0x0000000080a00000, 0x0000000080a00000|100%| O|  |TAMS 0x0000000080a00000, 0x0000000080900000| Untracked 
|  10|0x0000000080a00000, 0x0000000080b00000, 0x0000000080b00000|100%| O|  |TAMS 0x0000000080b00000, 0x0000000080a00000| Untracked 
|  11|0x0000000080b00000, 0x0000000080c00000, 0x0000000080c00000|100%| O|  |TAMS 0x0000000080c00000, 0x0000000080b00000| Untracked 
|  12|0x0000000080c00000, 0x0000000080d00000, 0x0000000080d00000|100%| O|  |TAMS 0x0000000080d00000, 0x0000000080c00000| Untracked 
|  13|0x0000000080d00000, 0x0000000080e00000, 0x0000000080e00000|100%| O|  |TAMS 0x0000000080e00000, 0x0000000080d00000| Untracked 
|  14|0x0000000080e00000, 0x0000000080f00000, 0x0000000080f00000|100%| O|  |TAMS 0x0000000080f00000, 0x0000000080e00000| Untracked 
|  15|0x0000000080f00000, 0x0000000081000000, 0x0000000081000000|100%| O|  |TAMS 0x0000000081000000, 0x0000000080f00000| Untracked 
|  16|0x0000000081000000, 0x0000000081100000, 0x0000000081100000|100%| O|  |TAMS 0x0000000081100000, 0x0000000081000000| Untracked 
|  17|0x0000000081100000, 0x0000000081200000, 0x0000000081200000|100%|HS|  |TAMS 0x0000000081200000, 0x0000000081100000| Complete 
|  18|0x0000000081200000, 0x0000000081300000, 0x0000000081300000|100%|HC|  |TAMS 0x0000000081300000, 0x0000000081200000| Complete 
|  19|0x0000000081300000, 0x0000000081400000, 0x0000000081400000|100%|HS|  |TAMS 0x0000000081400000, 0x0000000081300000| Complete 
|  20|0x0000000081400000, 0x0000000081500000, 0x0000000081500000|100%|HC|  |TAMS 0x0000000081500000, 0x0000000081400000| Complete 
|  21|0x0000000081500000, 0x0000000081600000, 0x0000000081600000|100%|HC|  |TAMS 0x0000000081600000, 0x0000000081500000| Complete 
|  22|0x0000000081600000, 0x0000000081700000, 0x0000000081700000|100%|HS|  |TAMS 0x0000000081700000, 0x0000000081600000| Complete 
|  23|0x0000000081700000, 0x0000000081800000, 0x0000000081800000|100%|HS|  |TAMS 0x0000000081800000, 0x0000000081700000| Complete 
|  24|0x0000000081800000, 0x0000000081900000, 0x0000000081900000|100%|HC|  |TAMS 0x0000000081900000, 0x0000000081800000| Complete 
|  25|0x0000000081900000, 0x0000000081a00000, 0x0000000081a00000|100%|HC|  |TAMS 0x0000000081a00000, 0x0000000081900000| Complete 
|  26|0x0000000081a00000, 0x0000000081b00000, 0x0000000081b00000|100%|HC|  |TAMS 0x0000000081b00000, 0x0000000081a00000| Complete 
|  27|0x0000000081b00000, 0x0000000081c00000, 0x0000000081c00000|100%| O|  |TAMS 0x0000000081c00000, 0x0000000081b00000| Untracked 
|  28|0x0000000081c00000, 0x0000000081d00000, 0x0000000081d00000|100%| O|  |TAMS 0x0000000081d00000, 0x0000000081c00000| Untracked 
|  29|0x0000000081d00000, 0x0000000081e00000, 0x0000000081e00000|100%| O|  |TAMS 0x0000000081e00000, 0x0000000081d00000| Untracked 
|  30|0x0000000081e00000, 0x0000000081f00000, 0x0000000081f00000|100%| O|  |TAMS 0x0000000081f00000, 0x0000000081e00000| Untracked 
|  31|0x0000000081f00000, 0x0000000082000000, 0x0000000082000000|100%| O|  |TAMS 0x0000000082000000, 0x0000000081f00000| Untracked 
|  32|0x0000000082000000, 0x0000000082100000, 0x0000000082100000|100%| O|  |TAMS 0x0000000082100000, 0x0000000082000000| Untracked 
|  33|0x0000000082100000, 0x0000000082200000, 0x0000000082200000|100%| O|  |TAMS 0x0000000082200000, 0x0000000082100000| Untracked 
|  34|0x0000000082200000, 0x0000000082300000, 0x0000000082300000|100%| O|  |TAMS 0x0000000082300000, 0x0000000082200000| Untracked 
|  35|0x0000000082300000, 0x0000000082400000, 0x0000000082400000|100%| O|  |TAMS 0x0000000082400000, 0x0000000082300000| Untracked 
|  36|0x0000000082400000, 0x0000000082500000, 0x0000000082500000|100%| O|  |TAMS 0x0000000082500000, 0x0000000082400000| Untracked 
|  37|0x0000000082500000, 0x0000000082600000, 0x0000000082600000|100%| O|  |TAMS 0x0000000082500000, 0x0000000082500000| Untracked 
|  38|0x0000000082600000, 0x0000000082700000, 0x0000000082700000|100%| O|  |TAMS 0x0000000082700000, 0x0000000082600000| Untracked 
|  39|0x0000000082700000, 0x0000000082800000, 0x0000000082800000|100%| O|  |TAMS 0x0000000082800000, 0x0000000082700000| Untracked 
|  40|0x0000000082800000, 0x0000000082900000, 0x0000000082900000|100%|HS|  |TAMS 0x0000000082900000, 0x0000000082800000| Complete 
|  41|0x0000000082900000, 0x0000000082a00000, 0x0000000082a00000|100%|HS|  |TAMS 0x0000000082a00000, 0x0000000082900000| Complete 
|  42|0x0000000082a00000, 0x0000000082b00000, 0x0000000082b00000|100%|HC|  |TAMS 0x0000000082b00000, 0x0000000082a00000| Complete 
|  43|0x0000000082b00000, 0x0000000082c00000, 0x0000000082c00000|100%|HC|  |TAMS 0x0000000082c00000, 0x0000000082b00000| Complete 
|  44|0x0000000082c00000, 0x0000000082d00000, 0x0000000082d00000|100%| O|  |TAMS 0x0000000082d00000, 0x0000000082c00000| Untracked 
|  45|0x0000000082d00000, 0x0000000082e00000, 0x0000000082e00000|100%| O|  |TAMS 0x0000000082e00000, 0x0000000082d00000| Untracked 
|  46|0x0000000082e00000, 0x0000000082f00000, 0x0000000082f00000|100%| O|  |TAMS 0x0000000082f00000, 0x0000000082e00000| Untracked 
|  47|0x0000000082f00000, 0x0000000083000000, 0x0000000083000000|100%| O|  |TAMS 0x0000000083000000, 0x0000000082f00000| Untracked 
|  48|0x0000000083000000, 0x0000000083100000, 0x0000000083100000|100%| O|  |TAMS 0x0000000083100000, 0x0000000083000000| Untracked 
|  49|0x0000000083100000, 0x0000000083200000, 0x0000000083200000|100%| O|  |TAMS 0x0000000083200000, 0x0000000083100000| Untracked 
|  50|0x0000000083200000, 0x0000000083300000, 0x0000000083300000|100%|HS|  |TAMS 0x0000000083300000, 0x0000000083200000| Complete 
|  51|0x0000000083300000, 0x0000000083400000, 0x0000000083400000|100%|HC|  |TAMS 0x0000000083400000, 0x0000000083300000| Complete 
|  52|0x0000000083400000, 0x0000000083500000, 0x0000000083500000|100%|HC|  |TAMS 0x0000000083500000, 0x0000000083400000| Complete 
|  53|0x0000000083500000, 0x0000000083600000, 0x0000000083600000|100%|HC|  |TAMS 0x0000000083600000, 0x0000000083500000| Complete 
|  54|0x0000000083600000, 0x0000000083700000, 0x0000000083700000|100%| O|  |TAMS 0x0000000083700000, 0x0000000083600000| Untracked 
|  55|0x0000000083700000, 0x0000000083800000, 0x0000000083800000|100%| O|  |TAMS 0x0000000083800000, 0x0000000083700000| Untracked 
|  56|0x0000000083800000, 0x0000000083900000, 0x0000000083900000|100%| O|  |TAMS 0x0000000083900000, 0x0000000083800000| Untracked 
|  57|0x0000000083900000, 0x0000000083a00000, 0x0000000083a00000|100%|HS|  |TAMS 0x0000000083a00000, 0x0000000083900000| Complete 
|  58|0x0000000083a00000, 0x0000000083b00000, 0x0000000083b00000|100%|HS|  |TAMS 0x0000000083b00000, 0x0000000083a00000| Complete 
|  59|0x0000000083b00000, 0x0000000083c00000, 0x0000000083c00000|100%| O|  |TAMS 0x0000000083c00000, 0x0000000083b00000| Untracked 
|  60|0x0000000083c00000, 0x0000000083d00000, 0x0000000083d00000|100%| O|  |TAMS 0x0000000083d00000, 0x0000000083c00000| Untracked 
|  61|0x0000000083d00000, 0x0000000083e00000, 0x0000000083e00000|100%| O|  |TAMS 0x0000000083e00000, 0x0000000083d00000| Untracked 
|  62|0x0000000083e00000, 0x0000000083f00000, 0x0000000083f00000|100%|HS|  |TAMS 0x0000000083f00000, 0x0000000083e00000| Complete 
|  63|0x0000000083f00000, 0x0000000084000000, 0x0000000084000000|100%|HC|  |TAMS 0x0000000084000000, 0x0000000083f00000| Complete 
|  64|0x0000000084000000, 0x0000000084100000, 0x0000000084100000|100%| O|  |TAMS 0x0000000084100000, 0x0000000084000000| Untracked 
|  65|0x0000000084100000, 0x0000000084200000, 0x0000000084200000|100%| O|  |TAMS 0x0000000084200000, 0x0000000084100000| Untracked 
|  66|0x0000000084200000, 0x0000000084300000, 0x0000000084300000|100%| O|  |TAMS 0x0000000084300000, 0x0000000084200000| Untracked 
|  67|0x0000000084300000, 0x0000000084400000, 0x0000000084400000|100%| O|  |TAMS 0x0000000084400000, 0x0000000084300000| Untracked 
|  68|0x0000000084400000, 0x0000000084500000, 0x0000000084500000|100%| O|  |TAMS 0x0000000084500000, 0x0000000084400000| Untracked 
|  69|0x0000000084500000, 0x0000000084600000, 0x0000000084600000|100%| O|  |TAMS 0x0000000084600000, 0x0000000084500000| Untracked 
|  70|0x0000000084600000, 0x0000000084700000, 0x0000000084700000|100%| O|  |TAMS 0x0000000084700000, 0x0000000084600000| Untracked 
|  71|0x0000000084700000, 0x0000000084800000, 0x0000000084800000|100%| O|  |TAMS 0x0000000084800000, 0x0000000084700000| Untracked 
|  72|0x0000000084800000, 0x0000000084900000, 0x0000000084900000|100%| O|  |TAMS 0x0000000084900000, 0x0000000084800000| Untracked 
|  73|0x0000000084900000, 0x0000000084a00000, 0x0000000084a00000|100%| O|  |TAMS 0x0000000084a00000, 0x0000000084900000| Untracked 
|  74|0x0000000084a00000, 0x0000000084b00000, 0x0000000084b00000|100%| O|  |TAMS 0x0000000084b00000, 0x0000000084a00000| Untracked 
|  75|0x0000000084b00000, 0x0000000084c00000, 0x0000000084c00000|100%| O|  |TAMS 0x0000000084c00000, 0x0000000084b00000| Untracked 
|  76|0x0000000084c00000, 0x0000000084d00000, 0x0000000084d00000|100%| O|  |TAMS 0x0000000084d00000, 0x0000000084c00000| Untracked 
|  77|0x0000000084d00000, 0x0000000084e00000, 0x0000000084e00000|100%| O|  |TAMS 0x0000000084e00000, 0x0000000084d00000| Untracked 
|  78|0x0000000084e00000, 0x0000000084f00000, 0x0000000084f00000|100%|HS|  |TAMS 0x0000000084f00000, 0x0000000084e00000| Complete 
|  79|0x0000000084f00000, 0x0000000085000000, 0x0000000085000000|100%|HC|  |TAMS 0x0000000085000000, 0x0000000084f00000| Complete 
|  80|0x0000000085000000, 0x0000000085100000, 0x0000000085100000|100%|HS|  |TAMS 0x0000000085100000, 0x0000000085000000| Complete 
|  81|0x0000000085100000, 0x0000000085200000, 0x0000000085200000|100%|HC|  |TAMS 0x0000000085200000, 0x0000000085100000| Complete 
|  82|0x0000000085200000, 0x0000000085300000, 0x0000000085300000|100%|HC|  |TAMS 0x0000000085300000, 0x0000000085200000| Complete 
|  83|0x0000000085300000, 0x0000000085400000, 0x0000000085400000|100%|HS|  |TAMS 0x0000000085400000, 0x0000000085300000| Complete 
|  84|0x0000000085400000, 0x0000000085500000, 0x0000000085500000|100%|HS|  |TAMS 0x0000000085500000, 0x0000000085400000| Complete 
|  85|0x0000000085500000, 0x0000000085600000, 0x0000000085600000|100%|HC|  |TAMS 0x0000000085600000, 0x0000000085500000| Complete 
|  86|0x0000000085600000, 0x0000000085700000, 0x0000000085700000|100%|HC|  |TAMS 0x0000000085700000, 0x0000000085600000| Complete 
|  87|0x0000000085700000, 0x0000000085800000, 0x0000000085800000|100%|HC|  |TAMS 0x0000000085800000, 0x0000000085700000| Complete 
|  88|0x0000000085800000, 0x0000000085900000, 0x0000000085900000|100%| O|  |TAMS 0x0000000085900000, 0x0000000085800000| Untracked 
|  89|0x0000000085900000, 0x0000000085a00000, 0x0000000085a00000|100%| O|  |TAMS 0x0000000085a00000, 0x0000000085900000| Untracked 
|  90|0x0000000085a00000, 0x0000000085b00000, 0x0000000085b00000|100%| O|  |TAMS 0x0000000085b00000, 0x0000000085a00000| Untracked 
|  91|0x0000000085b00000, 0x0000000085c00000, 0x0000000085c00000|100%| O|  |TAMS 0x0000000085c00000, 0x0000000085b00000| Untracked 
|  92|0x0000000085c00000, 0x0000000085d00000, 0x0000000085d00000|100%| O|  |TAMS 0x0000000085d00000, 0x0000000085c00000| Untracked 
|  93|0x0000000085d00000, 0x0000000085e00000, 0x0000000085e00000|100%| O|  |TAMS 0x0000000085e00000, 0x0000000085d00000| Untracked 
|  94|0x0000000085e00000, 0x0000000085f00000, 0x0000000085f00000|100%| O|  |TAMS 0x0000000085f00000, 0x0000000085e00000| Untracked 
|  95|0x0000000085f00000, 0x0000000086000000, 0x0000000086000000|100%| O|  |TAMS 0x0000000086000000, 0x0000000085f00000| Untracked 
|  96|0x0000000086000000, 0x0000000086100000, 0x0000000086100000|100%| O|  |TAMS 0x0000000086100000, 0x0000000086000000| Untracked 
|  97|0x0000000086100000, 0x0000000086200000, 0x0000000086200000|100%| O|  |TAMS 0x0000000086200000, 0x0000000086100000| Untracked 
|  98|0x0000000086200000, 0x0000000086300000, 0x0000000086300000|100%| O|  |TAMS 0x0000000086300000, 0x0000000086200000| Untracked 
|  99|0x0000000086300000, 0x0000000086400000, 0x0000000086400000|100%| O|  |TAMS 0x0000000086400000, 0x0000000086300000| Untracked 
| 100|0x0000000086400000, 0x0000000086500000, 0x0000000086500000|100%| O|  |TAMS 0x0000000086500000, 0x0000000086400000| Untracked 
| 101|0x0000000086500000, 0x0000000086600000, 0x0000000086600000|100%| O|  |TAMS 0x0000000086600000, 0x0000000086500000| Untracked 
| 102|0x0000000086600000, 0x0000000086700000, 0x0000000086700000|100%| O|  |TAMS 0x0000000086700000, 0x0000000086600000| Untracked 
| 103|0x0000000086700000, 0x0000000086800000, 0x0000000086800000|100%| O|  |TAMS 0x0000000086800000, 0x0000000086700000| Untracked 
| 104|0x0000000086800000, 0x0000000086900000, 0x0000000086900000|100%| O|  |TAMS 0x0000000086900000, 0x0000000086800000| Untracked 
| 105|0x0000000086900000, 0x0000000086a00000, 0x0000000086a00000|100%| O|  |TAMS 0x0000000086a00000, 0x0000000086900000| Untracked 
| 106|0x0000000086a00000, 0x0000000086b00000, 0x0000000086b00000|100%| O|  |TAMS 0x0000000086b00000, 0x0000000086a00000| Untracked 
| 107|0x0000000086b00000, 0x0000000086c00000, 0x0000000086c00000|100%| O|  |TAMS 0x0000000086c00000, 0x0000000086b00000| Untracked 
| 108|0x0000000086c00000, 0x0000000086d00000, 0x0000000086d00000|100%| O|  |TAMS 0x0000000086d00000, 0x0000000086c00000| Untracked 
| 109|0x0000000086d00000, 0x0000000086e00000, 0x0000000086e00000|100%| O|  |TAMS 0x0000000086e00000, 0x0000000086d00000| Untracked 
| 110|0x0000000086e00000, 0x0000000086f00000, 0x0000000086f00000|100%| O|  |TAMS 0x0000000086f00000, 0x0000000086e00000| Untracked 
| 111|0x0000000086f00000, 0x0000000087000000, 0x0000000087000000|100%| O|  |TAMS 0x0000000087000000, 0x0000000086f00000| Untracked 
| 112|0x0000000087000000, 0x0000000087100000, 0x0000000087100000|100%| O|  |TAMS 0x0000000087100000, 0x0000000087000000| Untracked 
| 113|0x0000000087100000, 0x0000000087200000, 0x0000000087200000|100%| O|  |TAMS 0x0000000087200000, 0x0000000087100000| Untracked 
| 114|0x0000000087200000, 0x0000000087300000, 0x0000000087300000|100%| O|  |TAMS 0x0000000087300000, 0x0000000087200000| Untracked 
| 115|0x0000000087300000, 0x0000000087400000, 0x0000000087400000|100%| O|  |TAMS 0x0000000087400000, 0x0000000087300000| Untracked 
| 116|0x0000000087400000, 0x0000000087500000, 0x0000000087500000|100%| O|  |TAMS 0x0000000087500000, 0x0000000087400000| Untracked 
| 117|0x0000000087500000, 0x0000000087600000, 0x0000000087600000|100%| O|  |TAMS 0x0000000087600000, 0x0000000087500000| Untracked 
| 118|0x0000000087600000, 0x0000000087700000, 0x0000000087700000|100%| O|  |TAMS 0x0000000087700000, 0x0000000087600000| Untracked 
| 119|0x0000000087700000, 0x0000000087800000, 0x0000000087800000|100%| O|  |TAMS 0x0000000087800000, 0x0000000087700000| Untracked 
| 120|0x0000000087800000, 0x0000000087900000, 0x0000000087900000|100%| O|  |TAMS 0x0000000087900000, 0x0000000087800000| Untracked 
| 121|0x0000000087900000, 0x0000000087a00000, 0x0000000087a00000|100%| O|  |TAMS 0x0000000087a00000, 0x0000000087900000| Untracked 
| 122|0x0000000087a00000, 0x0000000087b00000, 0x0000000087b00000|100%| O|  |TAMS 0x0000000087a00000, 0x0000000087a00000| Untracked 
| 123|0x0000000087b00000, 0x0000000087c00000, 0x0000000087c00000|100%| O|  |TAMS 0x0000000087c00000, 0x0000000087b00000| Untracked 
| 124|0x0000000087c00000, 0x0000000087d00000, 0x0000000087d00000|100%| O|  |TAMS 0x0000000087d00000, 0x0000000087c00000| Untracked 
| 125|0x0000000087d00000, 0x0000000087e00000, 0x0000000087e00000|100%| O|  |TAMS 0x0000000087e00000, 0x0000000087d00000| Untracked 
| 126|0x0000000087e00000, 0x0000000087f00000, 0x0000000087f00000|100%| O|  |TAMS 0x0000000087f00000, 0x0000000087e00000| Untracked 
| 127|0x0000000087f00000, 0x0000000088000000, 0x0000000088000000|100%| O|  |TAMS 0x0000000088000000, 0x0000000087f00000| Untracked 
| 128|0x0000000088000000, 0x0000000088100000, 0x0000000088100000|100%| O|  |TAMS 0x0000000088100000, 0x0000000088000000| Untracked 
| 129|0x0000000088100000, 0x0000000088200000, 0x0000000088200000|100%| O|  |TAMS 0x0000000088200000, 0x0000000088100000| Untracked 
| 130|0x0000000088200000, 0x0000000088300000, 0x0000000088300000|100%| O|  |TAMS 0x0000000088300000, 0x0000000088200000| Untracked 
| 131|0x0000000088300000, 0x0000000088400000, 0x0000000088400000|100%| O|  |TAMS 0x0000000088400000, 0x0000000088300000| Untracked 
| 132|0x0000000088400000, 0x0000000088500000, 0x0000000088500000|100%| O|  |TAMS 0x0000000088500000, 0x0000000088400000| Untracked 
| 133|0x0000000088500000, 0x0000000088600000, 0x0000000088600000|100%| O|  |TAMS 0x0000000088500000, 0x0000000088500000| Untracked 
| 134|0x0000000088600000, 0x0000000088700000, 0x0000000088700000|100%| O|  |TAMS 0x0000000088600000, 0x0000000088600000| Untracked 
| 135|0x0000000088700000, 0x0000000088800000, 0x0000000088800000|100%| O|  |TAMS 0x0000000088800000, 0x0000000088700000| Untracked 
| 136|0x0000000088800000, 0x0000000088900000, 0x0000000088900000|100%| O|  |TAMS 0x0000000088900000, 0x0000000088800000| Untracked 
| 137|0x0000000088900000, 0x0000000088a00000, 0x0000000088a00000|100%|HS|  |TAMS 0x0000000088900000, 0x0000000088900000| Complete 
| 138|0x0000000088a00000, 0x0000000088b00000, 0x0000000088b00000|100%|HC|  |TAMS 0x0000000088a00000, 0x0000000088a00000| Complete 
| 139|0x0000000088b00000, 0x0000000088c00000, 0x0000000088c00000|100%| O|  |TAMS 0x0000000088b00000, 0x0000000088b00000| Untracked 
| 140|0x0000000088c00000, 0x0000000088d00000, 0x0000000088d00000|100%| O|  |TAMS 0x0000000088c00000, 0x0000000088c00000| Untracked 
| 141|0x0000000088d00000, 0x0000000088e00000, 0x0000000088e00000|100%| O|  |TAMS 0x0000000088d00000, 0x0000000088d00000| Untracked 
| 142|0x0000000088e00000, 0x0000000088f00000, 0x0000000088f00000|100%| O|  |TAMS 0x0000000088e00000, 0x0000000088e00000| Untracked 
| 143|0x0000000088f00000, 0x0000000089000000, 0x0000000089000000|100%| O|  |TAMS 0x0000000088f00000, 0x0000000088f00000| Untracked 
| 144|0x0000000089000000, 0x0000000089100000, 0x0000000089100000|100%| O|  |TAMS 0x0000000089000000, 0x0000000089000000| Untracked 
| 145|0x0000000089100000, 0x0000000089200000, 0x0000000089200000|100%| O|  |TAMS 0x0000000089100000, 0x0000000089100000| Untracked 
| 146|0x0000000089200000, 0x0000000089300000, 0x0000000089300000|100%| O|  |TAMS 0x0000000089200000, 0x0000000089200000| Untracked 
| 147|0x0000000089300000, 0x0000000089400000, 0x0000000089400000|100%| O|  |TAMS 0x0000000089300000, 0x0000000089300000| Untracked 
| 148|0x0000000089400000, 0x0000000089500000, 0x0000000089500000|100%| O|  |TAMS 0x0000000089400000, 0x0000000089400000| Untracked 
| 149|0x0000000089500000, 0x0000000089600000, 0x0000000089600000|100%| O|  |TAMS 0x0000000089500000, 0x0000000089500000| Untracked 
| 150|0x0000000089600000, 0x0000000089700000, 0x0000000089700000|100%| O|  |TAMS 0x0000000089600000, 0x0000000089600000| Untracked 
| 151|0x0000000089700000, 0x0000000089800000, 0x0000000089800000|100%| O|  |TAMS 0x0000000089700000, 0x0000000089700000| Untracked 
| 152|0x0000000089800000, 0x0000000089900000, 0x0000000089900000|100%| O|  |TAMS 0x0000000089800000, 0x0000000089800000| Untracked 
| 153|0x0000000089900000, 0x0000000089a00000, 0x0000000089a00000|100%| O|  |TAMS 0x0000000089900000, 0x0000000089900000| Untracked 
| 154|0x0000000089a00000, 0x0000000089b00000, 0x0000000089b00000|100%| O|  |TAMS 0x0000000089a00000, 0x0000000089a00000| Untracked 
| 155|0x0000000089b00000, 0x0000000089c00000, 0x0000000089c00000|100%| O|  |TAMS 0x0000000089b00000, 0x0000000089b00000| Untracked 
| 156|0x0000000089c00000, 0x0000000089d00000, 0x0000000089d00000|100%| O|  |TAMS 0x0000000089c00000, 0x0000000089c00000| Untracked 
| 157|0x0000000089d00000, 0x0000000089e00000, 0x0000000089e00000|100%| O|  |TAMS 0x0000000089d00000, 0x0000000089d00000| Untracked 
| 158|0x0000000089e00000, 0x0000000089f00000, 0x0000000089f00000|100%| O|  |TAMS 0x0000000089e00000, 0x0000000089e00000| Untracked 
| 159|0x0000000089f00000, 0x000000008a000000, 0x000000008a000000|100%| O|  |TAMS 0x0000000089f00000, 0x0000000089f00000| Untracked 
| 160|0x000000008a000000, 0x000000008a100000, 0x000000008a100000|100%| O|  |TAMS 0x000000008a000000, 0x000000008a000000| Untracked 
| 161|0x000000008a100000, 0x000000008a200000, 0x000000008a200000|100%| O|  |TAMS 0x000000008a100000, 0x000000008a100000| Untracked 
| 162|0x000000008a200000, 0x000000008a300000, 0x000000008a300000|100%| O|  |TAMS 0x000000008a200000, 0x000000008a200000| Untracked 
| 163|0x000000008a300000, 0x000000008a400000, 0x000000008a400000|100%| O|  |TAMS 0x000000008a300000, 0x000000008a300000| Untracked 
| 164|0x000000008a400000, 0x000000008a500000, 0x000000008a500000|100%| O|  |TAMS 0x000000008a400000, 0x000000008a400000| Untracked 
| 165|0x000000008a500000, 0x000000008a600000, 0x000000008a600000|100%| O|  |TAMS 0x000000008a500000, 0x000000008a500000| Untracked 
| 166|0x000000008a600000, 0x000000008a700000, 0x000000008a700000|100%| O|  |TAMS 0x000000008a600000, 0x000000008a600000| Untracked 
| 167|0x000000008a700000, 0x000000008a800000, 0x000000008a800000|100%| O|  |TAMS 0x000000008a700000, 0x000000008a700000| Untracked 
| 168|0x000000008a800000, 0x000000008a900000, 0x000000008a900000|100%| O|  |TAMS 0x000000008a800000, 0x000000008a800000| Untracked 
| 169|0x000000008a900000, 0x000000008aa00000, 0x000000008aa00000|100%| O|  |TAMS 0x000000008a900000, 0x000000008a900000| Untracked 
| 170|0x000000008aa00000, 0x000000008ab00000, 0x000000008ab00000|100%| O|  |TAMS 0x000000008aa00000, 0x000000008aa00000| Untracked 
| 171|0x000000008ab00000, 0x000000008ac00000, 0x000000008ac00000|100%| O|  |TAMS 0x000000008ab00000, 0x000000008ab00000| Untracked 
| 172|0x000000008ac00000, 0x000000008ad00000, 0x000000008ad00000|100%| O|  |TAMS 0x000000008ac00000, 0x000000008ac00000| Untracked 
| 173|0x000000008ad00000, 0x000000008ae00000, 0x000000008ae00000|100%| O|  |TAMS 0x000000008ad00000, 0x000000008ad00000| Untracked 
| 174|0x000000008ae00000, 0x000000008af00000, 0x000000008af00000|100%| O|  |TAMS 0x000000008ae00000, 0x000000008ae00000| Untracked 
| 175|0x000000008af00000, 0x000000008b000000, 0x000000008b000000|100%| O|  |TAMS 0x000000008af00000, 0x000000008af00000| Untracked 
| 176|0x000000008b000000, 0x000000008b100000, 0x000000008b100000|100%| O|  |TAMS 0x000000008b000000, 0x000000008b000000| Untracked 
| 177|0x000000008b100000, 0x000000008b200000, 0x000000008b200000|100%| O|  |TAMS 0x000000008b100000, 0x000000008b100000| Untracked 
| 178|0x000000008b200000, 0x000000008b300000, 0x000000008b300000|100%| O|  |TAMS 0x000000008b200000, 0x000000008b200000| Untracked 
| 179|0x000000008b300000, 0x000000008b400000, 0x000000008b400000|100%| O|  |TAMS 0x000000008b300000, 0x000000008b300000| Untracked 
| 180|0x000000008b400000, 0x000000008b500000, 0x000000008b500000|100%| O|  |TAMS 0x000000008b400000, 0x000000008b400000| Untracked 
| 181|0x000000008b500000, 0x000000008b600000, 0x000000008b600000|100%| O|  |TAMS 0x000000008b500000, 0x000000008b500000| Untracked 
| 182|0x000000008b600000, 0x000000008b700000, 0x000000008b700000|100%| O|  |TAMS 0x000000008b600000, 0x000000008b600000| Untracked 
| 183|0x000000008b700000, 0x000000008b800000, 0x000000008b800000|100%| O|  |TAMS 0x000000008b700000, 0x000000008b700000| Untracked 
| 184|0x000000008b800000, 0x000000008b900000, 0x000000008b900000|100%| O|  |TAMS 0x000000008b800000, 0x000000008b800000| Untracked 
| 185|0x000000008b900000, 0x000000008ba00000, 0x000000008ba00000|100%| O|  |TAMS 0x000000008b900000, 0x000000008b900000| Untracked 
| 186|0x000000008ba00000, 0x000000008bb00000, 0x000000008bb00000|100%| O|  |TAMS 0x000000008ba00000, 0x000000008ba00000| Untracked 
| 187|0x000000008bb00000, 0x000000008bc00000, 0x000000008bc00000|100%| O|  |TAMS 0x000000008bb00000, 0x000000008bb00000| Untracked 
| 188|0x000000008bc00000, 0x000000008bd00000, 0x000000008bd00000|100%| O|  |TAMS 0x000000008bc00000, 0x000000008bc00000| Untracked 
| 189|0x000000008bd00000, 0x000000008be00000, 0x000000008be00000|100%| O|  |TAMS 0x000000008bd00000, 0x000000008bd00000| Untracked 
| 190|0x000000008be00000, 0x000000008bf00000, 0x000000008bf00000|100%| O|  |TAMS 0x000000008be00000, 0x000000008be00000| Untracked 
| 191|0x000000008bf00000, 0x000000008c000000, 0x000000008c000000|100%| O|  |TAMS 0x000000008bf00000, 0x000000008bf00000| Untracked 
| 192|0x000000008c000000, 0x000000008c100000, 0x000000008c100000|100%| O|  |TAMS 0x000000008c000000, 0x000000008c000000| Untracked 
| 193|0x000000008c100000, 0x000000008c200000, 0x000000008c200000|100%| O|  |TAMS 0x000000008c100000, 0x000000008c100000| Untracked 
| 194|0x000000008c200000, 0x000000008c300000, 0x000000008c300000|100%| O|  |TAMS 0x000000008c200000, 0x000000008c200000| Untracked 
| 195|0x000000008c300000, 0x000000008c400000, 0x000000008c400000|100%| O|  |TAMS 0x000000008c300000, 0x000000008c300000| Untracked 
| 196|0x000000008c400000, 0x000000008c4b1400, 0x000000008c500000| 69%| O|  |TAMS 0x000000008c400000, 0x000000008c400000| Untracked 
| 197|0x000000008c500000, 0x000000008c500000, 0x000000008c600000|  0%| F|  |TAMS 0x000000008c500000, 0x000000008c500000| Untracked 
| 198|0x000000008c600000, 0x000000008c600000, 0x000000008c700000|  0%| F|  |TAMS 0x000000008c600000, 0x000000008c600000| Untracked 
| 199|0x000000008c700000, 0x000000008c700000, 0x000000008c800000|  0%| F|  |TAMS 0x000000008c700000, 0x000000008c700000| Untracked 
| 200|0x000000008c800000, 0x000000008c800000, 0x000000008c900000|  0%| F|  |TAMS 0x000000008c800000, 0x000000008c800000| Untracked 
| 201|0x000000008c900000, 0x000000008c900000, 0x000000008ca00000|  0%| F|  |TAMS 0x000000008c900000, 0x000000008c900000| Untracked 
| 202|0x000000008ca00000, 0x000000008ca00000, 0x000000008cb00000|  0%| F|  |TAMS 0x000000008ca00000, 0x000000008ca00000| Untracked 
| 203|0x000000008cb00000, 0x000000008cb00000, 0x000000008cc00000|  0%| F|  |TAMS 0x000000008cb00000, 0x000000008cb00000| Untracked 
| 204|0x000000008cc00000, 0x000000008cc00000, 0x000000008cd00000|  0%| F|  |TAMS 0x000000008cc00000, 0x000000008cc00000| Untracked 
| 205|0x000000008cd00000, 0x000000008cd00000, 0x000000008ce00000|  0%| F|  |TAMS 0x000000008cd00000, 0x000000008cd00000| Untracked 
| 206|0x000000008ce00000, 0x000000008ce00000, 0x000000008cf00000|  0%| F|  |TAMS 0x000000008ce00000, 0x000000008ce00000| Untracked 
| 207|0x000000008cf00000, 0x000000008cf00000, 0x000000008d000000|  0%| F|  |TAMS 0x000000008cf00000, 0x000000008cf00000| Untracked 
| 208|0x000000008d000000, 0x000000008d000000, 0x000000008d100000|  0%| F|  |TAMS 0x000000008d000000, 0x000000008d000000| Untracked 
| 209|0x000000008d100000, 0x000000008d100000, 0x000000008d200000|  0%| F|  |TAMS 0x000000008d100000, 0x000000008d100000| Untracked 
| 210|0x000000008d200000, 0x000000008d200000, 0x000000008d300000|  0%| F|  |TAMS 0x000000008d200000, 0x000000008d200000| Untracked 
| 211|0x000000008d300000, 0x000000008d300000, 0x000000008d400000|  0%| F|  |TAMS 0x000000008d300000, 0x000000008d300000| Untracked 
| 212|0x000000008d400000, 0x000000008d400000, 0x000000008d500000|  0%| F|  |TAMS 0x000000008d400000, 0x000000008d400000| Untracked 
| 213|0x000000008d500000, 0x000000008d500000, 0x000000008d600000|  0%| F|  |TAMS 0x000000008d500000, 0x000000008d500000| Untracked 
| 214|0x000000008d600000, 0x000000008d600000, 0x000000008d700000|  0%| F|  |TAMS 0x000000008d600000, 0x000000008d600000| Untracked 
| 215|0x000000008d700000, 0x000000008d700000, 0x000000008d800000|  0%| F|  |TAMS 0x000000008d700000, 0x000000008d700000| Untracked 
| 216|0x000000008d800000, 0x000000008d800000, 0x000000008d900000|  0%| F|  |TAMS 0x000000008d800000, 0x000000008d800000| Untracked 
| 217|0x000000008d900000, 0x000000008d900000, 0x000000008da00000|  0%| F|  |TAMS 0x000000008d900000, 0x000000008d900000| Untracked 
| 218|0x000000008da00000, 0x000000008da00000, 0x000000008db00000|  0%| F|  |TAMS 0x000000008da00000, 0x000000008da00000| Untracked 
| 219|0x000000008db00000, 0x000000008db00000, 0x000000008dc00000|  0%| F|  |TAMS 0x000000008db00000, 0x000000008db00000| Untracked 
| 220|0x000000008dc00000, 0x000000008dc00000, 0x000000008dd00000|  0%| F|  |TAMS 0x000000008dc00000, 0x000000008dc00000| Untracked 
| 221|0x000000008dd00000, 0x000000008dd00000, 0x000000008de00000|  0%| F|  |TAMS 0x000000008dd00000, 0x000000008dd00000| Untracked 
| 222|0x000000008de00000, 0x000000008de00000, 0x000000008df00000|  0%| F|  |TAMS 0x000000008de00000, 0x000000008de00000| Untracked 
| 223|0x000000008df00000, 0x000000008df00000, 0x000000008e000000|  0%| F|  |TAMS 0x000000008df00000, 0x000000008df00000| Untracked 
| 224|0x000000008e000000, 0x000000008e000000, 0x000000008e100000|  0%| F|  |TAMS 0x000000008e000000, 0x000000008e000000| Untracked 
| 225|0x000000008e100000, 0x000000008e100000, 0x000000008e200000|  0%| F|  |TAMS 0x000000008e100000, 0x000000008e100000| Untracked 
| 226|0x000000008e200000, 0x000000008e200000, 0x000000008e300000|  0%| F|  |TAMS 0x000000008e200000, 0x000000008e200000| Untracked 
| 227|0x000000008e300000, 0x000000008e300000, 0x000000008e400000|  0%| F|  |TAMS 0x000000008e300000, 0x000000008e300000| Untracked 
| 228|0x000000008e400000, 0x000000008e400000, 0x000000008e500000|  0%| F|  |TAMS 0x000000008e400000, 0x000000008e400000| Untracked 
| 229|0x000000008e500000, 0x000000008e500000, 0x000000008e600000|  0%| F|  |TAMS 0x000000008e500000, 0x000000008e500000| Untracked 
| 230|0x000000008e600000, 0x000000008e600000, 0x000000008e700000|  0%| F|  |TAMS 0x000000008e600000, 0x000000008e600000| Untracked 
| 231|0x000000008e700000, 0x000000008e700000, 0x000000008e800000|  0%| F|  |TAMS 0x000000008e700000, 0x000000008e700000| Untracked 
| 232|0x000000008e800000, 0x000000008e800000, 0x000000008e900000|  0%| F|  |TAMS 0x000000008e800000, 0x000000008e800000| Untracked 
| 233|0x000000008e900000, 0x000000008e900000, 0x000000008ea00000|  0%| F|  |TAMS 0x000000008e900000, 0x000000008e900000| Untracked 
| 234|0x000000008ea00000, 0x000000008ea00000, 0x000000008eb00000|  0%| F|  |TAMS 0x000000008ea00000, 0x000000008ea00000| Untracked 
| 235|0x000000008eb00000, 0x000000008eb00000, 0x000000008ec00000|  0%| F|  |TAMS 0x000000008eb00000, 0x000000008eb00000| Untracked 
| 236|0x000000008ec00000, 0x000000008ec00000, 0x000000008ed00000|  0%| F|  |TAMS 0x000000008ec00000, 0x000000008ec00000| Untracked 
| 237|0x000000008ed00000, 0x000000008ed00000, 0x000000008ee00000|  0%| F|  |TAMS 0x000000008ed00000, 0x000000008ed00000| Untracked 
| 238|0x000000008ee00000, 0x000000008ee00000, 0x000000008ef00000|  0%| F|  |TAMS 0x000000008ee00000, 0x000000008ee00000| Untracked 
| 239|0x000000008ef00000, 0x000000008ef00000, 0x000000008f000000|  0%| F|  |TAMS 0x000000008ef00000, 0x000000008ef00000| Untracked 
| 240|0x000000008f000000, 0x000000008f083d00, 0x000000008f100000| 51%| S|CS|TAMS 0x000000008f000000, 0x000000008f000000| Complete 
| 241|0x000000008f100000, 0x000000008f200000, 0x000000008f200000|100%| S|CS|TAMS 0x000000008f100000, 0x000000008f100000| Complete 
| 242|0x000000008f200000, 0x000000008f200000, 0x000000008f300000|  0%| F|  |TAMS 0x000000008f200000, 0x000000008f200000| Untracked 
| 243|0x000000008f300000, 0x000000008f300000, 0x000000008f400000|  0%| F|  |TAMS 0x000000008f300000, 0x000000008f300000| Untracked 
| 244|0x000000008f400000, 0x000000008f400000, 0x000000008f500000|  0%| F|  |TAMS 0x000000008f400000, 0x000000008f400000| Untracked 
| 245|0x000000008f500000, 0x000000008f600000, 0x000000008f600000|100%| S|CS|TAMS 0x000000008f500000, 0x000000008f500000| Complete 
| 246|0x000000008f600000, 0x000000008f600000, 0x000000008f700000|  0%| F|  |TAMS 0x000000008f600000, 0x000000008f600000| Untracked 
| 247|0x000000008f700000, 0x000000008f700000, 0x000000008f800000|  0%| F|  |TAMS 0x000000008f700000, 0x000000008f700000| Untracked 
| 248|0x000000008f800000, 0x000000008f800000, 0x000000008f900000|  0%| F|  |TAMS 0x000000008f800000, 0x000000008f800000| Untracked 
| 249|0x000000008f900000, 0x000000008f900000, 0x000000008fa00000|  0%| F|  |TAMS 0x000000008f900000, 0x000000008f900000| Untracked 
| 250|0x000000008fa00000, 0x000000008fa00000, 0x000000008fb00000|  0%| F|  |TAMS 0x000000008fa00000, 0x000000008fa00000| Untracked 
| 251|0x000000008fb00000, 0x000000008fb00000, 0x000000008fc00000|  0%| F|  |TAMS 0x000000008fb00000, 0x000000008fb00000| Untracked 
| 252|0x000000008fc00000, 0x000000008fc00000, 0x000000008fd00000|  0%| F|  |TAMS 0x000000008fc00000, 0x000000008fc00000| Untracked 
| 253|0x000000008fd00000, 0x000000008fd00000, 0x000000008fe00000|  0%| F|  |TAMS 0x000000008fd00000, 0x000000008fd00000| Untracked 
| 254|0x000000008fe00000, 0x000000008fe00000, 0x000000008ff00000|  0%| F|  |TAMS 0x000000008fe00000, 0x000000008fe00000| Untracked 
| 255|0x000000008ff00000, 0x000000008ff00000, 0x0000000090000000|  0%| F|  |TAMS 0x000000008ff00000, 0x000000008ff00000| Untracked 
| 256|0x0000000090000000, 0x0000000090000000, 0x0000000090100000|  0%| F|  |TAMS 0x0000000090000000, 0x0000000090000000| Untracked 
| 257|0x0000000090100000, 0x0000000090100000, 0x0000000090200000|  0%| F|  |TAMS 0x0000000090100000, 0x0000000090100000| Untracked 
| 258|0x0000000090200000, 0x0000000090200000, 0x0000000090300000|  0%| F|  |TAMS 0x0000000090200000, 0x0000000090200000| Untracked 
| 259|0x0000000090300000, 0x0000000090300000, 0x0000000090400000|  0%| F|  |TAMS 0x0000000090300000, 0x0000000090300000| Untracked 
| 260|0x0000000090400000, 0x0000000090400000, 0x0000000090500000|  0%| F|  |TAMS 0x0000000090400000, 0x0000000090400000| Untracked 
| 261|0x0000000090500000, 0x0000000090500000, 0x0000000090600000|  0%| F|  |TAMS 0x0000000090500000, 0x0000000090500000| Untracked 
| 262|0x0000000090600000, 0x0000000090600000, 0x0000000090700000|  0%| F|  |TAMS 0x0000000090600000, 0x0000000090600000| Untracked 
| 263|0x0000000090700000, 0x0000000090700000, 0x0000000090800000|  0%| F|  |TAMS 0x0000000090700000, 0x0000000090700000| Untracked 
| 264|0x0000000090800000, 0x0000000090800000, 0x0000000090900000|  0%| F|  |TAMS 0x0000000090800000, 0x0000000090800000| Untracked 
| 265|0x0000000090900000, 0x0000000090900000, 0x0000000090a00000|  0%| F|  |TAMS 0x0000000090900000, 0x0000000090900000| Untracked 
| 266|0x0000000090a00000, 0x0000000090a00000, 0x0000000090b00000|  0%| F|  |TAMS 0x0000000090a00000, 0x0000000090a00000| Untracked 
| 267|0x0000000090b00000, 0x0000000090b00000, 0x0000000090c00000|  0%| F|  |TAMS 0x0000000090b00000, 0x0000000090b00000| Untracked 
| 268|0x0000000090c00000, 0x0000000090c00000, 0x0000000090d00000|  0%| F|  |TAMS 0x0000000090c00000, 0x0000000090c00000| Untracked 
| 269|0x0000000090d00000, 0x0000000090d00000, 0x0000000090e00000|  0%| F|  |TAMS 0x0000000090d00000, 0x0000000090d00000| Untracked 
| 270|0x0000000090e00000, 0x0000000090e00000, 0x0000000090f00000|  0%| F|  |TAMS 0x0000000090e00000, 0x0000000090e00000| Untracked 
| 271|0x0000000090f00000, 0x0000000090f00000, 0x0000000091000000|  0%| F|  |TAMS 0x0000000090f00000, 0x0000000090f00000| Untracked 
| 272|0x0000000091000000, 0x0000000091000000, 0x0000000091100000|  0%| F|  |TAMS 0x0000000091000000, 0x0000000091000000| Untracked 
| 273|0x0000000091100000, 0x0000000091100000, 0x0000000091200000|  0%| F|  |TAMS 0x0000000091100000, 0x0000000091100000| Untracked 
| 274|0x0000000091200000, 0x0000000091200000, 0x0000000091300000|  0%| F|  |TAMS 0x0000000091200000, 0x0000000091200000| Untracked 
| 275|0x0000000091300000, 0x0000000091300000, 0x0000000091400000|  0%| F|  |TAMS 0x0000000091300000, 0x0000000091300000| Untracked 
| 276|0x0000000091400000, 0x0000000091400000, 0x0000000091500000|  0%| F|  |TAMS 0x0000000091400000, 0x0000000091400000| Untracked 
| 277|0x0000000091500000, 0x0000000091500000, 0x0000000091600000|  0%| F|  |TAMS 0x0000000091500000, 0x0000000091500000| Untracked 
| 278|0x0000000091600000, 0x0000000091600000, 0x0000000091700000|  0%| F|  |TAMS 0x0000000091600000, 0x0000000091600000| Untracked 
| 279|0x0000000091700000, 0x0000000091700000, 0x0000000091800000|  0%| F|  |TAMS 0x0000000091700000, 0x0000000091700000| Untracked 
| 280|0x0000000091800000, 0x0000000091800000, 0x0000000091900000|  0%| F|  |TAMS 0x0000000091800000, 0x0000000091800000| Untracked 
| 281|0x0000000091900000, 0x0000000091900000, 0x0000000091a00000|  0%| F|  |TAMS 0x0000000091900000, 0x0000000091900000| Untracked 
| 282|0x0000000091a00000, 0x0000000091a00000, 0x0000000091b00000|  0%| F|  |TAMS 0x0000000091a00000, 0x0000000091a00000| Untracked 
| 283|0x0000000091b00000, 0x0000000091b00000, 0x0000000091c00000|  0%| F|  |TAMS 0x0000000091b00000, 0x0000000091b00000| Untracked 
| 284|0x0000000091c00000, 0x0000000091c00000, 0x0000000091d00000|  0%| F|  |TAMS 0x0000000091c00000, 0x0000000091c00000| Untracked 
| 285|0x0000000091d00000, 0x0000000091d00000, 0x0000000091e00000|  0%| F|  |TAMS 0x0000000091d00000, 0x0000000091d00000| Untracked 
| 286|0x0000000091e00000, 0x0000000091e00000, 0x0000000091f00000|  0%| F|  |TAMS 0x0000000091e00000, 0x0000000091e00000| Untracked 
| 287|0x0000000091f00000, 0x0000000091f00000, 0x0000000092000000|  0%| F|  |TAMS 0x0000000091f00000, 0x0000000091f00000| Untracked 
| 288|0x0000000092000000, 0x0000000092000000, 0x0000000092100000|  0%| F|  |TAMS 0x0000000092000000, 0x0000000092000000| Untracked 
| 289|0x0000000092100000, 0x0000000092100000, 0x0000000092200000|  0%| F|  |TAMS 0x0000000092100000, 0x0000000092100000| Untracked 
| 290|0x0000000092200000, 0x0000000092200000, 0x0000000092300000|  0%| F|  |TAMS 0x0000000092200000, 0x0000000092200000| Untracked 
| 291|0x0000000092300000, 0x0000000092300000, 0x0000000092400000|  0%| F|  |TAMS 0x0000000092300000, 0x0000000092300000| Untracked 
| 292|0x0000000092400000, 0x0000000092400000, 0x0000000092500000|  0%| F|  |TAMS 0x0000000092400000, 0x0000000092400000| Untracked 
| 293|0x0000000092500000, 0x0000000092500000, 0x0000000092600000|  0%| F|  |TAMS 0x0000000092500000, 0x0000000092500000| Untracked 
| 294|0x0000000092600000, 0x0000000092600000, 0x0000000092700000|  0%| F|  |TAMS 0x0000000092600000, 0x0000000092600000| Untracked 
| 295|0x0000000092700000, 0x0000000092700000, 0x0000000092800000|  0%| F|  |TAMS 0x0000000092700000, 0x0000000092700000| Untracked 
| 296|0x0000000092800000, 0x0000000092800000, 0x0000000092900000|  0%| F|  |TAMS 0x0000000092800000, 0x0000000092800000| Untracked 
| 297|0x0000000092900000, 0x0000000092900000, 0x0000000092a00000|  0%| F|  |TAMS 0x0000000092900000, 0x0000000092900000| Untracked 
| 298|0x0000000092a00000, 0x0000000092a00000, 0x0000000092b00000|  0%| F|  |TAMS 0x0000000092a00000, 0x0000000092a00000| Untracked 
| 299|0x0000000092b00000, 0x0000000092b00000, 0x0000000092c00000|  0%| F|  |TAMS 0x0000000092b00000, 0x0000000092b00000| Untracked 
| 300|0x0000000092c00000, 0x0000000092c00000, 0x0000000092d00000|  0%| F|  |TAMS 0x0000000092c00000, 0x0000000092c00000| Untracked 
| 301|0x0000000092d00000, 0x0000000092d00000, 0x0000000092e00000|  0%| F|  |TAMS 0x0000000092d00000, 0x0000000092d00000| Untracked 
| 302|0x0000000092e00000, 0x0000000092e00000, 0x0000000092f00000|  0%| F|  |TAMS 0x0000000092e00000, 0x0000000092e00000| Untracked 
| 303|0x0000000092f00000, 0x0000000092f00000, 0x0000000093000000|  0%| F|  |TAMS 0x0000000092f00000, 0x0000000092f00000| Untracked 
| 304|0x0000000093000000, 0x0000000093000000, 0x0000000093100000|  0%| F|  |TAMS 0x0000000093000000, 0x0000000093000000| Untracked 
| 305|0x0000000093100000, 0x0000000093100000, 0x0000000093200000|  0%| F|  |TAMS 0x0000000093100000, 0x0000000093100000| Untracked 
| 306|0x0000000093200000, 0x0000000093200000, 0x0000000093300000|  0%| F|  |TAMS 0x0000000093200000, 0x0000000093200000| Untracked 
| 307|0x0000000093300000, 0x0000000093300000, 0x0000000093400000|  0%| F|  |TAMS 0x0000000093300000, 0x0000000093300000| Untracked 
| 308|0x0000000093400000, 0x0000000093400000, 0x0000000093500000|  0%| F|  |TAMS 0x0000000093400000, 0x0000000093400000| Untracked 
| 309|0x0000000093500000, 0x0000000093500000, 0x0000000093600000|  0%| F|  |TAMS 0x0000000093500000, 0x0000000093500000| Untracked 
| 310|0x0000000093600000, 0x0000000093600000, 0x0000000093700000|  0%| F|  |TAMS 0x0000000093600000, 0x0000000093600000| Untracked 
| 311|0x0000000093700000, 0x0000000093700000, 0x0000000093800000|  0%| F|  |TAMS 0x0000000093700000, 0x0000000093700000| Untracked 
| 312|0x0000000093800000, 0x0000000093800000, 0x0000000093900000|  0%| F|  |TAMS 0x0000000093800000, 0x0000000093800000| Untracked 
| 313|0x0000000093900000, 0x0000000093900000, 0x0000000093a00000|  0%| F|  |TAMS 0x0000000093900000, 0x0000000093900000| Untracked 
| 314|0x0000000093a00000, 0x0000000093a00000, 0x0000000093b00000|  0%| F|  |TAMS 0x0000000093a00000, 0x0000000093a00000| Untracked 
| 315|0x0000000093b00000, 0x0000000093b00000, 0x0000000093c00000|  0%| F|  |TAMS 0x0000000093b00000, 0x0000000093b00000| Untracked 
| 316|0x0000000093c00000, 0x0000000093c00000, 0x0000000093d00000|  0%| F|  |TAMS 0x0000000093c00000, 0x0000000093c00000| Untracked 
| 317|0x0000000093d00000, 0x0000000093d00000, 0x0000000093e00000|  0%| F|  |TAMS 0x0000000093d00000, 0x0000000093d00000| Untracked 
| 318|0x0000000093e00000, 0x0000000093e00000, 0x0000000093f00000|  0%| F|  |TAMS 0x0000000093e00000, 0x0000000093e00000| Untracked 
| 319|0x0000000093f00000, 0x0000000093f00000, 0x0000000094000000|  0%| F|  |TAMS 0x0000000093f00000, 0x0000000093f00000| Untracked 
| 320|0x0000000094000000, 0x00000000940be138, 0x0000000094100000| 74%| E|  |TAMS 0x0000000094000000, 0x0000000094000000| Complete 
| 321|0x0000000094100000, 0x0000000094200000, 0x0000000094200000|100%| E|CS|TAMS 0x0000000094100000, 0x0000000094100000| Complete 
| 322|0x0000000094200000, 0x0000000094300000, 0x0000000094300000|100%| E|CS|TAMS 0x0000000094200000, 0x0000000094200000| Complete 
| 323|0x0000000094300000, 0x0000000094400000, 0x0000000094400000|100%| E|CS|TAMS 0x0000000094300000, 0x0000000094300000| Complete 
| 324|0x0000000094400000, 0x0000000094500000, 0x0000000094500000|100%| E|CS|TAMS 0x0000000094400000, 0x0000000094400000| Complete 
| 325|0x0000000094500000, 0x0000000094600000, 0x0000000094600000|100%| E|CS|TAMS 0x0000000094500000, 0x0000000094500000| Complete 
| 326|0x0000000094600000, 0x0000000094700000, 0x0000000094700000|100%| E|CS|TAMS 0x0000000094600000, 0x0000000094600000| Complete 
| 327|0x0000000094700000, 0x0000000094800000, 0x0000000094800000|100%| E|CS|TAMS 0x0000000094700000, 0x0000000094700000| Complete 
| 328|0x0000000094800000, 0x0000000094900000, 0x0000000094900000|100%| E|CS|TAMS 0x0000000094800000, 0x0000000094800000| Complete 
| 329|0x0000000094900000, 0x0000000094a00000, 0x0000000094a00000|100%| E|CS|TAMS 0x0000000094900000, 0x0000000094900000| Complete 
| 330|0x0000000094a00000, 0x0000000094b00000, 0x0000000094b00000|100%| E|CS|TAMS 0x0000000094a00000, 0x0000000094a00000| Complete 
| 331|0x0000000094b00000, 0x0000000094c00000, 0x0000000094c00000|100%| E|CS|TAMS 0x0000000094b00000, 0x0000000094b00000| Complete 
| 332|0x0000000094c00000, 0x0000000094d00000, 0x0000000094d00000|100%| E|CS|TAMS 0x0000000094c00000, 0x0000000094c00000| Complete 
| 333|0x0000000094d00000, 0x0000000094e00000, 0x0000000094e00000|100%| E|CS|TAMS 0x0000000094d00000, 0x0000000094d00000| Complete 
| 334|0x0000000094e00000, 0x0000000094f00000, 0x0000000094f00000|100%| E|CS|TAMS 0x0000000094e00000, 0x0000000094e00000| Complete 
| 335|0x0000000094f00000, 0x0000000095000000, 0x0000000095000000|100%| E|CS|TAMS 0x0000000094f00000, 0x0000000094f00000| Complete 
| 336|0x0000000095000000, 0x0000000095100000, 0x0000000095100000|100%| E|CS|TAMS 0x0000000095000000, 0x0000000095000000| Complete 
| 337|0x0000000095100000, 0x0000000095200000, 0x0000000095200000|100%| E|CS|TAMS 0x0000000095100000, 0x0000000095100000| Complete 
| 338|0x0000000095200000, 0x0000000095300000, 0x0000000095300000|100%| E|CS|TAMS 0x0000000095200000, 0x0000000095200000| Complete 
| 339|0x0000000095300000, 0x0000000095400000, 0x0000000095400000|100%| E|CS|TAMS 0x0000000095300000, 0x0000000095300000| Complete 
| 340|0x0000000095400000, 0x0000000095500000, 0x0000000095500000|100%| E|CS|TAMS 0x0000000095400000, 0x0000000095400000| Complete 
| 341|0x0000000095500000, 0x0000000095600000, 0x0000000095600000|100%| E|CS|TAMS 0x0000000095500000, 0x0000000095500000| Complete 
| 342|0x0000000095600000, 0x0000000095700000, 0x0000000095700000|100%| E|CS|TAMS 0x0000000095600000, 0x0000000095600000| Complete 
| 343|0x0000000095700000, 0x0000000095800000, 0x0000000095800000|100%| E|CS|TAMS 0x0000000095700000, 0x0000000095700000| Complete 
| 344|0x0000000095800000, 0x0000000095900000, 0x0000000095900000|100%| E|CS|TAMS 0x0000000095800000, 0x0000000095800000| Complete 
| 345|0x0000000095900000, 0x0000000095a00000, 0x0000000095a00000|100%| E|CS|TAMS 0x0000000095900000, 0x0000000095900000| Complete 
| 346|0x0000000095a00000, 0x0000000095b00000, 0x0000000095b00000|100%| E|CS|TAMS 0x0000000095a00000, 0x0000000095a00000| Complete 
| 347|0x0000000095b00000, 0x0000000095c00000, 0x0000000095c00000|100%| E|CS|TAMS 0x0000000095b00000, 0x0000000095b00000| Complete 
| 348|0x0000000095c00000, 0x0000000095d00000, 0x0000000095d00000|100%| E|CS|TAMS 0x0000000095c00000, 0x0000000095c00000| Complete 
| 349|0x0000000095d00000, 0x0000000095e00000, 0x0000000095e00000|100%| E|CS|TAMS 0x0000000095d00000, 0x0000000095d00000| Complete 
| 350|0x0000000095e00000, 0x0000000095f00000, 0x0000000095f00000|100%| E|CS|TAMS 0x0000000095e00000, 0x0000000095e00000| Complete 
| 351|0x0000000095f00000, 0x0000000096000000, 0x0000000096000000|100%| E|CS|TAMS 0x0000000095f00000, 0x0000000095f00000| Complete 
| 352|0x0000000096000000, 0x0000000096100000, 0x0000000096100000|100%| E|CS|TAMS 0x0000000096000000, 0x0000000096000000| Complete 
| 353|0x0000000096100000, 0x0000000096200000, 0x0000000096200000|100%| E|CS|TAMS 0x0000000096100000, 0x0000000096100000| Complete 
| 354|0x0000000096200000, 0x0000000096300000, 0x0000000096300000|100%| E|CS|TAMS 0x0000000096200000, 0x0000000096200000| Complete 
| 355|0x0000000096300000, 0x0000000096400000, 0x0000000096400000|100%| E|CS|TAMS 0x0000000096300000, 0x0000000096300000| Complete 
| 356|0x0000000096400000, 0x0000000096500000, 0x0000000096500000|100%| E|CS|TAMS 0x0000000096400000, 0x0000000096400000| Complete 
| 357|0x0000000096500000, 0x0000000096600000, 0x0000000096600000|100%| E|CS|TAMS 0x0000000096500000, 0x0000000096500000| Complete 
| 358|0x0000000096600000, 0x0000000096700000, 0x0000000096700000|100%| E|CS|TAMS 0x0000000096600000, 0x0000000096600000| Complete 

Card table byte_map: [0x0000025778e60000,0x0000025779260000] _byte_map_base: 0x0000025778a60000

Marking Bits (Prev, Next): (CMBitMap*) 0x000002576596e4f8, (CMBitMap*) 0x000002576596e530
 Prev Bits: [0x0000025779660000, 0x000002577b660000)
 Next Bits: [0x000002577b660000, 0x000002577d660000)

Polling page: 0x0000025763fd0000

Metaspace:

Usage:
  Non-class:    111.08 MB capacity,   108.97 MB ( 98%) used,     1.71 MB (  2%) free+waste,   412.38 KB ( <1%) overhead. 
      Class:     16.88 MB capacity,    15.55 MB ( 92%) used,     1.14 MB (  7%) free+waste,   185.88 KB (  1%) overhead. 
       Both:    127.96 MB capacity,   124.53 MB ( 97%) used,     2.85 MB (  2%) free+waste,   598.25 KB ( <1%) overhead. 

Virtual space:
  Non-class space:      112.00 MB reserved,     111.25 MB (>99%) committed 
      Class space:        1.00 GB reserved,      17.00 MB (  2%) committed 
             Both:        1.11 GB reserved,     128.25 MB ( 11%) committed 

Chunk freelists:
   Non-Class:  41.00 KB
       Class:  31.00 KB
        Both:  72.00 KB

MaxMetaspaceSize: 17179869184.00 GB
CompressedClassSpaceSize: 1.00 GB
Initial GC threshold: 20.80 MB
Current GC threshold: 192.09 MB
CDS: off

CodeHeap 'non-profiled nmethods': size=120064Kb used=11212Kb max_used=11273Kb free=108851Kb
 bounds [0x0000025770f00000, 0x0000025771a10000, 0x0000025778440000]
CodeHeap 'profiled nmethods': size=120000Kb used=41506Kb max_used=41920Kb free=78493Kb
 bounds [0x00000257699d0000, 0x000002576c3c0000, 0x0000025770f00000]
CodeHeap 'non-nmethods': size=5696Kb used=2465Kb max_used=2559Kb free=3230Kb
 bounds [0x0000025769440000, 0x00000257696e0000, 0x00000257699d0000]
 total_blobs=19550 nmethods=18556 adapters=904
 compilation: enabled
              stopped_count=0, restarted_count=0
 full_count=0

Compilation events (20 events):
Event: 110.892 Thread 0x000002577fce4000 nmethod 20826 0x000002576a22fc90 code [0x000002576a22ff80, 0x000002576a230a78]
Event: 110.892 Thread 0x000002577fce4000 20829       2       com.android.tools.r8.internal.Ql::a (680 bytes)
Event: 110.895 Thread 0x000002577fce4000 nmethod 20829 0x000002576b1c1a90 code [0x000002576b1c1e80, 0x000002576b1c3068]
Event: 110.896 Thread 0x000002577fce4000 20836 %     3       com.android.tools.r8.internal.Ql::a @ 1893 (3110 bytes)
Event: 110.934 Thread 0x000002577fce4000 nmethod 20836% 0x000002576c379490 code [0x000002576c37b480, 0x000002576c392408]
Event: 110.934 Thread 0x000002577fce4000 20843       3       java.util.ArrayDeque::contains (80 bytes)
Event: 110.935 Thread 0x000002577fce4000 nmethod 20843 0x000002576a347290 code [0x000002576a347480, 0x000002576a3478e8]
Event: 110.935 Thread 0x000002577fce4000 20828       2       com.android.tools.r8.internal.Ld::a (224 bytes)
Event: 110.935 Thread 0x000002577fce4000 nmethod 20828 0x000002576a35c010 code [0x000002576a35c2a0, 0x000002576a35c898]
Event: 110.935 Thread 0x000002577fce4000 20839       2       com.android.tools.r8.internal.s8::d (8 bytes)
Event: 110.936 Thread 0x000002577fce4000 nmethod 20839 0x0000025769f95c10 code [0x0000025769f95dc0, 0x0000025769f95ee8]
Event: 110.936 Thread 0x000002577fce4000 20842       2       com.android.tools.r8.internal.eX$$Lambda$1631/0x000000010105f440::accept (12 bytes)
Event: 110.936 Thread 0x000002577fce4000 nmethod 20842 0x000002576af67210 code [0x000002576af673c0, 0x000002576af67508]
Event: 110.936 Thread 0x000002577fce4000 20830       2       com.android.tools.r8.internal.vV::a (49 bytes)
Event: 110.936 Thread 0x000002577fce4000 nmethod 20830 0x000002576a35a010 code [0x000002576a35a1e0, 0x000002576a35a568]
Event: 110.936 Thread 0x000002577fce4000 20831       2       com.android.tools.r8.internal.OG::<init> (80 bytes)
Event: 110.937 Thread 0x000002577fce4000 nmethod 20831 0x000002576aa64590 code [0x000002576aa647c0, 0x000002576aa64cf8]
Event: 110.937 Thread 0x000002577fce4000 20834  s    2       com.android.tools.r8.ir.conversion.r::c (66 bytes)
Event: 110.937 Thread 0x000002577fce4000 nmethod 20834 0x000002576a38d690 code [0x000002576a38d860, 0x000002576a38dbc8]
Event: 110.938 Thread 0x000002577fce4000 20847       2       com.android.tools.r8.internal.nf::a (1398 bytes)

GC Heap History (20 events):
Event: 105.875 GC heap before
{Heap before GC invocations=85 (full 0):
 garbage-first heap   total 243712K, used 206637K [0x0000000080000000, 0x0000000100000000)
  region size 1024K, 66 young (67584K), 4 survivors (4096K)
 Metaspace       used 115384K, capacity 118457K, committed 118784K, reserved 1153024K
  class space    used 14332K, capacity 15498K, committed 15616K, reserved 1048576K
}
Event: 105.881 GC heap after
{Heap after GC invocations=86 (full 0):
 garbage-first heap   total 243712K, used 141312K [0x0000000080000000, 0x0000000100000000)
  region size 1024K, 3 young (3072K), 3 survivors (3072K)
 Metaspace       used 115384K, capacity 118457K, committed 118784K, reserved 1153024K
  class space    used 14332K, capacity 15498K, committed 15616K, reserved 1048576K
}
Event: 106.360 GC heap before
{Heap before GC invocations=86 (full 0):
 garbage-first heap   total 243712K, used 205824K [0x0000000080000000, 0x0000000100000000)
  region size 1024K, 67 young (68608K), 3 survivors (3072K)
 Metaspace       used 116220K, capacity 119301K, committed 119552K, reserved 1153024K
  class space    used 14438K, capacity 15607K, committed 15616K, reserved 1048576K
}
Event: 106.377 GC heap after
{Heap after GC invocations=87 (full 0):
 garbage-first heap   total 243712K, used 154654K [0x0000000080000000, 0x0000000100000000)
  region size 1024K, 9 young (9216K), 9 survivors (9216K)
 Metaspace       used 116220K, capacity 119301K, committed 119552K, reserved 1153024K
  class space    used 14438K, capacity 15607K, committed 15616K, reserved 1048576K
}
Event: 107.141 GC heap before
{Heap before GC invocations=87 (full 0):
 garbage-first heap   total 243712K, used 201758K [0x0000000080000000, 0x0000000100000000)
  region size 1024K, 56 young (57344K), 9 survivors (9216K)
 Metaspace       used 119052K, capacity 122202K, committed 122240K, reserved 1155072K
  class space    used 14786K, capacity 15964K, committed 16000K, reserved 1048576K
}
Event: 107.155 GC heap after
{Heap after GC invocations=88 (full 0):
 garbage-first heap   total 243712K, used 157841K [0x0000000080000000, 0x0000000100000000)
  region size 1024K, 7 young (7168K), 7 survivors (7168K)
 Metaspace       used 119052K, capacity 122202K, committed 122240K, reserved 1155072K
  class space    used 14786K, capacity 15964K, committed 16000K, reserved 1048576K
}
Event: 107.622 GC heap before
{Heap before GC invocations=88 (full 0):
 garbage-first heap   total 243712K, used 201873K [0x0000000080000000, 0x0000000100000000)
  region size 1024K, 51 young (52224K), 7 survivors (7168K)
 Metaspace       used 119859K, capacity 123084K, committed 123136K, reserved 1157120K
  class space    used 14887K, capacity 16083K, committed 16128K, reserved 1048576K
}
Event: 107.648 GC heap after
{Heap after GC invocations=89 (full 0):
 garbage-first heap   total 243712K, used 165267K [0x0000000080000000, 0x0000000100000000)
  region size 1024K, 7 young (7168K), 7 survivors (7168K)
 Metaspace       used 119859K, capacity 123084K, committed 123136K, reserved 1157120K
  class space    used 14887K, capacity 16083K, committed 16128K, reserved 1048576K
}
Event: 108.092 GC heap before
{Heap before GC invocations=89 (full 0):
 garbage-first heap   total 243712K, used 203155K [0x0000000080000000, 0x0000000100000000)
  region size 1024K, 44 young (45056K), 7 survivors (7168K)
 Metaspace       used 121445K, capacity 124661K, committed 124928K, reserved 1157120K
  class space    used 15104K, capacity 16309K, committed 16384K, reserved 1048576K
}
Event: 108.117 GC heap after
{Heap after GC invocations=90 (full 0):
 garbage-first heap   total 243712K, used 172659K [0x0000000080000000, 0x0000000100000000)
  region size 1024K, 6 young (6144K), 6 survivors (6144K)
 Metaspace       used 121445K, capacity 124661K, committed 124928K, reserved 1157120K
  class space    used 15104K, capacity 16309K, committed 16384K, reserved 1048576K
}
Event: 108.444 GC heap before
{Heap before GC invocations=90 (full 0):
 garbage-first heap   total 243712K, used 204403K [0x0000000080000000, 0x0000000100000000)
  region size 1024K, 37 young (37888K), 6 survivors (6144K)
 Metaspace       used 122319K, capacity 125638K, committed 125824K, reserved 1159168K
  class space    used 15215K, capacity 16476K, committed 16512K, reserved 1048576K
}
Event: 108.473 GC heap after
{Heap after GC invocations=91 (full 0):
 garbage-first heap   total 292864K, used 178176K [0x0000000080000000, 0x0000000100000000)
  region size 1024K, 5 young (5120K), 5 survivors (5120K)
 Metaspace       used 122319K, capacity 125638K, committed 125824K, reserved 1159168K
  class space    used 15215K, capacity 16476K, committed 16512K, reserved 1048576K
}
Event: 108.746 GC heap before
{Heap before GC invocations=91 (full 0):
 garbage-first heap   total 292864K, used 224255K [0x0000000080000000, 0x0000000100000000)
  region size 1024K, 51 young (52224K), 5 survivors (5120K)
 Metaspace       used 122336K, capacity 125642K, committed 125824K, reserved 1159168K
  class space    used 15215K, capacity 16476K, committed 16512K, reserved 1048576K
}
Event: 108.769 GC heap after
{Heap after GC invocations=92 (full 0):
 garbage-first heap   total 292864K, used 187332K [0x0000000080000000, 0x0000000100000000)
  region size 1024K, 7 young (7168K), 7 survivors (7168K)
 Metaspace       used 122336K, capacity 125642K, committed 125824K, reserved 1159168K
  class space    used 15215K, capacity 16476K, committed 16512K, reserved 1048576K
}
Event: 109.022 GC heap before
{Heap before GC invocations=92 (full 0):
 garbage-first heap   total 292864K, used 232388K [0x0000000080000000, 0x0000000100000000)
  region size 1024K, 51 young (52224K), 7 survivors (7168K)
 Metaspace       used 123256K, capacity 126584K, committed 126848K, reserved 1159168K
  class space    used 15372K, capacity 16661K, committed 16768K, reserved 1048576K
}
Event: 109.046 GC heap after
{Heap after GC invocations=93 (full 0):
 garbage-first heap   total 292864K, used 195203K [0x0000000080000000, 0x0000000100000000)
  region size 1024K, 7 young (7168K), 7 survivors (7168K)
 Metaspace       used 123256K, capacity 126584K, committed 126848K, reserved 1159168K
  class space    used 15372K, capacity 16661K, committed 16768K, reserved 1048576K
}
Event: 109.672 GC heap before
{Heap before GC invocations=93 (full 0):
 garbage-first heap   total 292864K, used 237187K [0x0000000080000000, 0x0000000100000000)
  region size 1024K, 48 young (49152K), 7 survivors (7168K)
 Metaspace       used 125914K, capacity 129420K, committed 129664K, reserved 1161216K
  class space    used 15809K, capacity 17165K, committed 17280K, reserved 1048576K
}
Event: 109.694 GC heap after
{Heap after GC invocations=94 (full 0):
 garbage-first heap   total 292864K, used 201407K [0x0000000080000000, 0x0000000100000000)
  region size 1024K, 6 young (6144K), 6 survivors (6144K)
 Metaspace       used 125914K, capacity 129420K, committed 129664K, reserved 1161216K
  class space    used 15809K, capacity 17165K, committed 17280K, reserved 1048576K
}
Event: 110.379 GC heap before
{Heap before GC invocations=94 (full 0):
 garbage-first heap   total 292864K, used 241343K [0x0000000080000000, 0x0000000100000000)
  region size 1024K, 46 young (47104K), 6 survivors (6144K)
 Metaspace       used 126816K, capacity 130323K, committed 130432K, reserved 1163264K
  class space    used 15877K, capacity 17241K, committed 17280K, reserved 1048576K
}
Event: 110.401 GC heap after
{Heap after GC invocations=95 (full 0):
 garbage-first heap   total 367616K, used 203988K [0x0000000080000000, 0x0000000100000000)
  region size 1024K, 3 young (3072K), 3 survivors (3072K)
 Metaspace       used 126816K, capacity 130323K, committed 130432K, reserved 1163264K
  class space    used 15877K, capacity 17241K, committed 17280K, reserved 1048576K
}

Deoptimization events (20 events):
Event: 110.594 Thread 0x0000025702dc8000 Uncommon trap: trap_request=0xffffffde fr.pc=0x0000025771521e4c relative=0x000000000000008c
Event: 110.594 Thread 0x0000025702dc8000 Uncommon trap: reason=class_check action=maybe_recompile pc=0x0000025771521e4c method=com.android.tools.r8.internal.rY.a(Lcom/android/tools/r8/internal/kX;)Lcom/android/tools/r8/internal/rY; @ 34 c2
Event: 110.594 Thread 0x0000025702dc8000 DEOPT PACKING pc=0x0000025771521e4c sp=0x00000096757f9370
Event: 110.594 Thread 0x0000025702dc8000 DEOPT UNPACKING pc=0x000002576948a1af sp=0x00000096757f9310 mode 2
Event: 110.596 Thread 0x0000025702dc8000 Uncommon trap: trap_request=0xffffffde fr.pc=0x00000257711d23e4 relative=0x0000000000000124
Event: 110.596 Thread 0x0000025702dc8000 Uncommon trap: reason=class_check action=maybe_recompile pc=0x00000257711d23e4 method=com.android.tools.r8.internal.rY.a(Lcom/android/tools/r8/internal/kX;)Lcom/android/tools/r8/internal/rY; @ 34 c2
Event: 110.596 Thread 0x0000025702dc8000 DEOPT PACKING pc=0x00000257711d23e4 sp=0x00000096757f8eb0
Event: 110.596 Thread 0x0000025702dc8000 DEOPT UNPACKING pc=0x000002576948a1af sp=0x00000096757f8d80 mode 2
Event: 110.603 Thread 0x0000025702dc8000 DEOPT PACKING pc=0x000002576c1e101f sp=0x00000096757f9400
Event: 110.603 Thread 0x0000025702dc8000 DEOPT UNPACKING pc=0x000002576948a95e sp=0x00000096757f8890 mode 0
Event: 110.640 Thread 0x000002570523e000 DEOPT PACKING pc=0x000002576c16c3e3 sp=0x00000096760f98d0
Event: 110.640 Thread 0x000002570523e000 DEOPT UNPACKING pc=0x000002576948a95e sp=0x00000096760f8ef8 mode 0
Event: 110.645 Thread 0x0000025704cde000 DEOPT PACKING pc=0x000002576c1e101f sp=0x0000009674ef7b00
Event: 110.645 Thread 0x0000025704cde000 DEOPT UNPACKING pc=0x000002576948a95e sp=0x0000009674ef6f90 mode 0
Event: 110.747 Thread 0x000002570523e000 DEOPT PACKING pc=0x000002576c1853f5 sp=0x00000096760f94b0
Event: 110.747 Thread 0x000002570523e000 DEOPT UNPACKING pc=0x000002576948a95e sp=0x00000096760f89a0 mode 0
Event: 110.869 Thread 0x0000025704cde000 Uncommon trap: trap_request=0xffffff4d fr.pc=0x00000257719830b4 relative=0x0000000000000194
Event: 110.869 Thread 0x0000025704cde000 Uncommon trap: reason=unstable_if action=reinterpret pc=0x00000257719830b4 method=jdk.internal.util.ArraysSupport.mismatch([B[BI)I @ 14 c2
Event: 110.869 Thread 0x0000025704cde000 DEOPT PACKING pc=0x00000257719830b4 sp=0x0000009674ef9880
Event: 110.869 Thread 0x0000025704cde000 DEOPT UNPACKING pc=0x000002576948a1af sp=0x0000009674ef9828 mode 2

Classes redefined (0 events):
No events

Internal exceptions (20 events):
Event: 106.825 Thread 0x000002570965e800 Exception <a 'sun/nio/fs/WindowsException'{0x000000008d14a700}> (0x000000008d14a700) thrown at [./src/hotspot/share/prims/jni.cpp, line 615]
Event: 106.825 Thread 0x000002570965e800 Exception <a 'sun/nio/fs/WindowsException'{0x000000008d14a7e8}> (0x000000008d14a7e8) thrown at [./src/hotspot/share/prims/jni.cpp, line 615]
Event: 106.872 Thread 0x0000025702dc8000 Exception <a 'java/lang/IncompatibleClassChangeError'{0x000000008d3cd548}: Found class java.lang.Object, but interface was expected> (0x000000008d3cd548) thrown at [./src/hotspot/share/interpreter/linkResolver.cpp, line 839]
Event: 106.872 Thread 0x0000025705242000 Exception <a 'java/lang/IncompatibleClassChangeError'{0x000000008d4fab00}: Found class java.lang.Object, but interface was expected> (0x000000008d4fab00) thrown at [./src/hotspot/share/interpreter/linkResolver.cpp, line 839]
Event: 107.530 Thread 0x0000025702dc8000 Exception <a 'java/lang/NoSuchMethodError'{0x000000008d0a8d90}: 'long java.lang.invoke.DirectMethodHandle$Holder.invokeStatic(java.lang.Object, java.lang.Object)'> (0x000000008d0a8d90) thrown at [./src/hotspot/share/interpreter/linkResolver.cpp, line 773]
Event: 107.653 Thread 0x0000025704cde000 Exception <a 'java/lang/IncompatibleClassChangeError'{0x000000008edd00b8}: Found class java.lang.Object, but interface was expected> (0x000000008edd00b8) thrown at [./src/hotspot/share/interpreter/linkResolver.cpp, line 839]
Event: 107.654 Thread 0x0000025704cde000 Exception <a 'java/lang/NoSuchMethodError'{0x000000008edd8938}: 'java.lang.Object java.lang.invoke.DirectMethodHandle$Holder.newInvokeSpecial(java.lang.Object, int)'> (0x000000008edd8938) thrown at [./src/hotspot/share/interpreter/linkResolver.cpp, line 773]
Event: 107.656 Thread 0x0000025702dc8000 Exception <a 'java/lang/NoSuchMethodError'{0x000000008edb9c88}: 'java.lang.Object java.lang.invoke.DirectMethodHandle$Holder.newInvokeSpecial(java.lang.Object, int)'> (0x000000008edb9c88) thrown at [./src/hotspot/share/interpreter/linkResolver.cpp, line 773]
Event: 107.658 Thread 0x0000025702dc8000 Exception <a 'java/lang/IncompatibleClassChangeError'{0x000000008edc5e18}: Found class java.lang.Object, but interface was expected> (0x000000008edc5e18) thrown at [./src/hotspot/share/interpreter/linkResolver.cpp, line 839]
Event: 107.659 Thread 0x0000025702dc8000 Exception <a 'java/lang/IncompatibleClassChangeError'{0x000000008ec92390}: Found class java.lang.Object, but interface was expected> (0x000000008ec92390) thrown at [./src/hotspot/share/interpreter/linkResolver.cpp, line 839]
Event: 107.688 Thread 0x0000025704cde000 Exception <a 'java/lang/IncompatibleClassChangeError'{0x000000008e91e538}: Found class java.lang.Object, but interface was expected> (0x000000008e91e538) thrown at [./src/hotspot/share/interpreter/linkResolver.cpp, line 839]
Event: 107.688 Thread 0x0000025702dc8000 Exception <a 'java/lang/IncompatibleClassChangeError'{0x000000008e9c66f8}: Found class java.lang.Object, but interface was expected> (0x000000008e9c66f8) thrown at [./src/hotspot/share/interpreter/linkResolver.cpp, line 839]
Event: 108.180 Thread 0x0000025705242000 Implicit null exception at 0x000002577196cddc to 0x0000025771970a6c
Event: 108.261 Thread 0x0000025702dc8000 Exception <a 'java/lang/NoSuchMethodError'{0x000000008e21dba8}: 'java.lang.Object java.lang.invoke.DirectMethodHandle$Holder.invokeStatic(java.lang.Object, int, java.lang.Object, java.lang.Object)'> (0x000000008e21dba8) thrown at [./src/hotspot/share/interpreter/linkResolver.cpp, line 773]
Event: 108.523 Thread 0x0000025705242000 Implicit null exception at 0x000002577198c3e7 to 0x000002577198c6b0
Event: 108.548 Thread 0x0000025704cde000 Implicit null exception at 0x000002577198d567 to 0x000002577198d860
Event: 108.619 Thread 0x000002570523e000 Exception <a 'sun/nio/fs/WindowsException'{0x000000009054a720}> (0x000000009054a720) thrown at [./src/hotspot/share/prims/jni.cpp, line 615]
Event: 108.628 Thread 0x000002570523e000 Implicit null exception at 0x000002577199349b to 0x0000025771996784
Event: 109.114 Thread 0x0000025702dc8000 Exception <a 'java/lang/NoSuchMethodError'{0x00000000917ec9e0}: 'void java.lang.invoke.DirectMethodHandle$Holder.invokeSpecial(java.lang.Object, java.lang.Object, int, java.lang.Object)'> (0x00000000917ec9e0) thrown at [./src/hotspot/share/interpreter/linkResolver.cpp, line 773]
Event: 110.073 Thread 0x000002570523e000 Implicit null exception at 0x00000257719751f0 to 0x0000025771978f68

Events (20 events):
Event: 110.816 loading class com/android/tools/r8/code/V2
Event: 110.816 loading class com/android/tools/r8/code/V2 done
Event: 110.816 loading class com/android/tools/r8/code/Y2
Event: 110.816 loading class com/android/tools/r8/code/Y2 done
Event: 110.817 loading class com/android/tools/r8/code/a3
Event: 110.817 loading class com/android/tools/r8/code/a3 done
Event: 110.817 loading class com/android/tools/r8/code/X2
Event: 110.817 loading class com/android/tools/r8/code/X2 done
Event: 110.818 loading class com/android/tools/r8/code/e3
Event: 110.818 loading class com/android/tools/r8/code/e3 done
Event: 110.818 loading class com/android/tools/r8/code/b3
Event: 110.818 loading class com/android/tools/r8/code/b3 done
Event: 110.819 loading class com/android/tools/r8/code/Z2
Event: 110.819 loading class com/android/tools/r8/code/Z2 done
Event: 110.819 loading class com/android/tools/r8/code/W2
Event: 110.819 loading class com/android/tools/r8/code/W2 done
Event: 110.820 loading class com/android/tools/r8/code/d3
Event: 110.820 loading class com/android/tools/r8/code/d3 done
Event: 110.824 loading class com/android/tools/r8/code/c3
Event: 110.824 loading class com/android/tools/r8/code/c3 done


Dynamic libraries:
0x00007ff6e1e90000 - 0x00007ff6e1e9a000 	C:\Program Files\Android\Android Studio\jre\bin\java.exe
0x00007ffc39570000 - 0x00007ffc39765000 	C:\Windows\SYSTEM32\ntdll.dll
0x00007ffc385b0000 - 0x00007ffc3866d000 	C:\Windows\System32\KERNEL32.DLL
0x00007ffc36d50000 - 0x00007ffc37019000 	C:\Windows\System32\KERNELBASE.dll
0x00007ffc37310000 - 0x00007ffc37410000 	C:\Windows\System32\ucrtbase.dll
0x00007ffc32e10000 - 0x00007ffc32e27000 	C:\Program Files\Android\Android Studio\jre\bin\VCRUNTIME140.dll
0x00007ffc2f940000 - 0x00007ffc2f959000 	C:\Program Files\Android\Android Studio\jre\bin\jli.dll
0x00007ffc38dc0000 - 0x00007ffc38f60000 	C:\Windows\System32\USER32.dll
0x00007ffc375a0000 - 0x00007ffc375c2000 	C:\Windows\System32\win32u.dll
0x00007ffc1bd70000 - 0x00007ffc1c00a000 	C:\Windows\WinSxS\amd64_microsoft.windows.common-controls_6595b64144ccf1df_6.0.19041.844_none_ca00b6081b84eb1d\COMCTL32.dll
0x00007ffc37f20000 - 0x00007ffc37f4a000 	C:\Windows\System32\GDI32.dll
0x00007ffc39490000 - 0x00007ffc3952e000 	C:\Windows\System32\msvcrt.dll
0x00007ffc37490000 - 0x00007ffc3759b000 	C:\Windows\System32\gdi32full.dll
0x00007ffc36cb0000 - 0x00007ffc36d4d000 	C:\Windows\System32\msvcp_win.dll
0x00007ffc386d0000 - 0x00007ffc38700000 	C:\Windows\System32\IMM32.DLL
0x00007ffc1ade0000 - 0x00007ffc1ae7d000 	C:\Program Files\Android\Android Studio\jre\bin\msvcp140.dll
0x00007ffbfcad0000 - 0x00007ffbfd5b5000 	C:\Program Files\Android\Android Studio\jre\bin\server\jvm.dll
0x00007ffc37e60000 - 0x00007ffc37f0c000 	C:\Windows\System32\ADVAPI32.dll
0x00007ffc38080000 - 0x00007ffc3811c000 	C:\Windows\System32\sechost.dll
0x00007ffc38f60000 - 0x00007ffc3908b000 	C:\Windows\System32\RPCRT4.dll
0x00007ffc37f10000 - 0x00007ffc37f18000 	C:\Windows\System32\PSAPI.DLL
0x00007ffc2af70000 - 0x00007ffc2af97000 	C:\Windows\SYSTEM32\WINMM.dll
0x00007ffc333c0000 - 0x00007ffc333c9000 	C:\Windows\SYSTEM32\WSOCK32.dll
0x00007ffc34d10000 - 0x00007ffc34d1a000 	C:\Windows\SYSTEM32\VERSION.dll
0x00007ffc39420000 - 0x00007ffc3948b000 	C:\Windows\System32\WS2_32.dll
0x00007ffc355b0000 - 0x00007ffc355c2000 	C:\Windows\SYSTEM32\kernel.appcore.dll
0x00007ffc323e0000 - 0x00007ffc323f1000 	C:\Program Files\Android\Android Studio\jre\bin\verify.dll
0x00007ffc256a0000 - 0x00007ffc25884000 	C:\Windows\SYSTEM32\DBGHELP.DLL
0x00007ffc224a0000 - 0x00007ffc224cc000 	C:\Windows\SYSTEM32\dbgcore.DLL
0x00007ffc37180000 - 0x00007ffc37200000 	C:\Windows\System32\bcryptPrimitives.dll
0x00007ffc2f8e0000 - 0x00007ffc2f909000 	C:\Program Files\Android\Android Studio\jre\bin\java.dll
0x00007ffc32190000 - 0x00007ffc3219b000 	C:\Program Files\Android\Android Studio\jre\bin\jimage.dll
0x00007ffc320f0000 - 0x00007ffc32108000 	C:\Program Files\Android\Android Studio\jre\bin\zip.dll
0x00007ffc376b0000 - 0x00007ffc37df2000 	C:\Windows\System32\SHELL32.dll
0x00007ffc34e10000 - 0x00007ffc355a0000 	C:\Windows\SYSTEM32\windows.storage.dll
0x00007ffc38a60000 - 0x00007ffc38db5000 	C:\Windows\System32\combase.dll
0x00007ffc36650000 - 0x00007ffc3667c000 	C:\Windows\SYSTEM32\Wldp.dll
0x00007ffc38800000 - 0x00007ffc388ae000 	C:\Windows\System32\SHCORE.dll
0x00007ffc38670000 - 0x00007ffc386c5000 	C:\Windows\System32\shlwapi.dll
0x00007ffc36bf0000 - 0x00007ffc36c0f000 	C:\Windows\SYSTEM32\profapi.dll
0x00007ffc309e0000 - 0x00007ffc309fa000 	C:\Program Files\Android\Android Studio\jre\bin\net.dll
0x00007ffc2fad0000 - 0x00007ffc2fbdc000 	C:\Windows\SYSTEM32\WINHTTP.dll
0x00007ffc363d0000 - 0x00007ffc3643a000 	C:\Windows\system32\mswsock.dll
0x00007ffc2cfd0000 - 0x00007ffc2cfe4000 	C:\Program Files\Android\Android Studio\jre\bin\nio.dll
0x00007ffc2f960000 - 0x00007ffc2f987000 	C:\Users\SWAGAT\.gradle\native\e1d6ef7f7dcc3fd88c89a11ec53ec762bb8ba0a96d01ffa2cd45eb1d1d8dd5c5\windows-amd64\native-platform.dll
0x00007ffc0bb90000 - 0x00007ffc0bcd4000 	C:\Users\SWAGAT\.gradle\native\5664cfc778a61ccfe75a443a1ab52a65af34e5dc3c78e0209fed803814484fcb\windows-amd64\native-platform-file-events.dll
0x00007ffc32180000 - 0x00007ffc3218a000 	C:\Program Files\Android\Android Studio\jre\bin\management.dll
0x00007ffc31e70000 - 0x00007ffc31e7d000 	C:\Program Files\Android\Android Studio\jre\bin\management_ext.dll
0x00007ffc365b0000 - 0x00007ffc365c8000 	C:\Windows\SYSTEM32\CRYPTSP.dll
0x00007ffc35d70000 - 0x00007ffc35da4000 	C:\Windows\system32\rsaenh.dll
0x00007ffc37410000 - 0x00007ffc37437000 	C:\Windows\System32\bcrypt.dll
0x00007ffc36bb0000 - 0x00007ffc36bde000 	C:\Windows\SYSTEM32\USERENV.dll
0x00007ffc365a0000 - 0x00007ffc365ac000 	C:\Windows\SYSTEM32\CRYPTBASE.dll
0x00007ffc360c0000 - 0x00007ffc360fb000 	C:\Windows\SYSTEM32\IPHLPAPI.DLL
0x00007ffc375d0000 - 0x00007ffc375d8000 	C:\Windows\System32\NSI.dll
0x00007ffc31410000 - 0x00007ffc31427000 	C:\Windows\SYSTEM32\dhcpcsvc6.DLL
0x00007ffc31260000 - 0x00007ffc3127d000 	C:\Windows\SYSTEM32\dhcpcsvc.DLL
0x00007ffc36100000 - 0x00007ffc361cb000 	C:\Windows\SYSTEM32\DNSAPI.dll
0x00007ffc35a00000 - 0x00007ffc35a33000 	C:\Windows\SYSTEM32\ntmarta.dll

dbghelp: loaded successfully - version: 4.0.5 - missing functions: none
symbol engine: initialized successfully - sym options: 0x614 - pdb path: .;C:\Program Files\Android\Android Studio\jre\bin;C:\Windows\SYSTEM32;C:\Windows\WinSxS\amd64_microsoft.windows.common-controls_6595b64144ccf1df_6.0.19041.844_none_ca00b6081b84eb1d;C:\Program Files\Android\Android Studio\jre\bin\server;C:\Users\SWAGAT\.gradle\native\e1d6ef7f7dcc3fd88c89a11ec53ec762bb8ba0a96d01ffa2cd45eb1d1d8dd5c5\windows-amd64;C:\Users\SWAGAT\.gradle\native\5664cfc778a61ccfe75a443a1ab52a65af34e5dc3c78e0209fed803814484fcb\windows-amd64

VM Arguments:
jvm_args: --add-opens=java.base/java.util=ALL-UNNAMED --add-opens=java.base/java.lang=ALL-UNNAMED --add-opens=java.base/java.lang.invoke=ALL-UNNAMED --add-opens=java.base/java.util=ALL-UNNAMED --add-opens=java.prefs/java.util.prefs=ALL-UNNAMED --add-opens=java.prefs/java.util.prefs=ALL-UNNAMED --add-opens=java.base/java.nio.charset=ALL-UNNAMED --add-opens=java.base/java.net=ALL-UNNAMED --add-opens=java.base/java.util.concurrent.atomic=ALL-UNNAMED -Xmx2048m -Dfile.encoding=UTF-8 -Duser.country=US -Duser.language=en -Duser.variant 
java_command: org.gradle.launcher.daemon.bootstrap.GradleDaemon 7.3.3
java_class_path (initial): C:\Users\SWAGAT\.gradle\wrapper\dists\gradle-7.3.3-bin\6a41zxkdtcxs8rphpq6y0069z\gradle-7.3.3\lib\gradle-launcher-7.3.3.jar
Launcher Type: SUN_STANDARD

[Global flags]
     intx CICompilerCount                          = 3                                         {product} {ergonomic}
     uint ConcGCThreads                            = 1                                         {product} {ergonomic}
     uint G1ConcRefinementThreads                  = 4                                         {product} {ergonomic}
   size_t G1HeapRegionSize                         = 1048576                                   {product} {ergonomic}
    uintx GCDrainStackTargetSize                   = 64                                        {product} {ergonomic}
   size_t InitialHeapSize                          = 67108864                                  {product} {ergonomic}
   size_t MarkStackSize                            = 4194304                                   {product} {ergonomic}
   size_t MaxHeapSize                              = 2147483648                                {product} {command line}
   size_t MaxNewSize                               = 1287651328                                {product} {ergonomic}
   size_t MinHeapDeltaBytes                        = 1048576                                   {product} {ergonomic}
    uintx NonNMethodCodeHeapSize                   = 5830732                                {pd product} {ergonomic}
    uintx NonProfiledCodeHeapSize                  = 122913754                              {pd product} {ergonomic}
    uintx ProfiledCodeHeapSize                     = 122913754                              {pd product} {ergonomic}
    uintx ReservedCodeCacheSize                    = 251658240                              {pd product} {ergonomic}
     bool SegmentedCodeCache                       = true                                      {product} {ergonomic}
     bool UseCompressedClassPointers               = true                                 {lp64_product} {ergonomic}
     bool UseCompressedOops                        = true                                 {lp64_product} {ergonomic}
     bool UseG1GC                                  = true                                      {product} {ergonomic}
     bool UseLargePagesIndividualAllocation        = false                                  {pd product} {ergonomic}

Logging:
Log output configuration:
 #0: stdout all=warning uptime,level,tags
 #1: stderr all=off uptime,level,tags

Environment Variables:
JAVA_HOME=C:\Program Files\Java\jdk-17.0.2
PATH=C:\oraclexe\app\oracle\product\10.2.0\server\bin;C:\Program Files\Common Files\Oracle\Java\javapath;C:\VMware\bin\;C:\Windows\system32;C:\Windows;C:\Windows\System32\Wbem;C:\Windows\System32\WindowsPowerShell\v1.0\;C:\Windows\System32\OpenSSH\;C:\Program Files (x86)\AMD\ATI.ACE\Core-Static;C:\Program Files (x86)\ATI Technologies\ATI.ACE\Core-Static;C:\Program Files (x86)\NVIDIA Corporation\PhysX\Common;C:\Program Files\Java\jdk-17.0.2\bin;C:\Program Files\Git\cmd;C:\Users\SWAGAT\AppData\Local\Programs\Python\Python39\Scripts\;C:\Users\SWAGAT\AppData\Local\Programs\Python\Python39\;C:\Users\SWAGAT\AppData\Local\Microsoft\WindowsApps;C:\Users\SWAGAT\AppData\Local\atom\bin
USERNAME=SWAGAT
OS=Windows_NT
PROCESSOR_IDENTIFIER=Intel64 Family 6 Model 42 Stepping 7, GenuineIntel



---------------  S Y S T E M  ---------------

OS: Windows 10 , 64 bit Build 19041 (10.0.19041.804)
OS uptime: 0 days 1:33 hours

CPU:total 4 (initial active 4) (2 cores per cpu, 2 threads per core) family 6 model 42 stepping 7 microcode 0x2f, cmov, cx8, fxsr, mmx, sse, sse2, sse3, ssse3, sse4.1, sse4.2, popcnt, avx, clmul, ht, tsc, tscinvbit

Memory: 4k page, system-wide physical 4078M (369M free)
TotalPageFile size 16366M (AvailPageFile size 5M)
current process WorkingSet (physical memory assigned to process): 649M, peak: 649M
current process commit charge ("private bytes"): 825M, peak: 826M

vm_info: OpenJDK 64-Bit Server VM (11.0.12+7-b1504.28-7817840) for windows-amd64 JRE (11.0.12+7-b1504.28-7817840), built on Oct 13 2021 22:12:33 by "builder" with MS VC++ 14.0 (VS2015)

END.
